#
# There is insufficient memory for the Java Runtime Environment to continue.
# Native memory allocation (malloc) failed to allocate 1842208 bytes for Chunk::new
# Possible reasons:
#   The system is out of physical RAM or swap space
#   The process is running with CompressedOops enabled, and the Java Heap may be blocking the growth of the native heap
# Possible solutions:
#   Reduce memory load on the system
#   Increase physical memory or swap space
#   Check if swap backing store is full
#   Decrease Java heap size (-Xmx/-Xms)
#   Decrease number of Java threads
#   Decrease Java thread stack sizes (-Xss)
#   Set larger code cache with -XX:ReservedCodeCacheSize=
#   JVM is running with Unscaled Compressed Oops mode in which the Java heap is
#     placed in the first 4GB address space. The Java Heap base address is the
#     maximum limit for the native heap growth. Please use -XX:HeapBaseMinAddress
#     to set the Java Heap base and to place the Java Heap above 4GB virtual address.
# This output file may be truncated or incomplete.
#
#  Out of Memory Error (arena.cpp:189), pid=28900, tid=34776
#
# JRE version: Java(TM) SE Runtime Environment (17.0.12+8) (build 17.0.12+8-LTS-286)
# Java VM: Java HotSpot(TM) 64-Bit Server VM (17.0.12+8-LTS-286, mixed mode, sharing, tiered, compressed oops, compressed class ptrs, g1 gc, windows-amd64)
# No core dump will be written. Minidumps are not enabled by default on client versions of Windows
#

---------------  S U M M A R Y ------------

Command Line: --enable-native-access=ALL-UNNAMED -Xmx512m -Xms256m -Dclassworlds.conf=E:\Mvn\apache-maven-3.9.11\bin\m2.conf -Dmaven.home=E:\Mvn\apache-maven-3.9.11 -Dlibrary.jansi.path=E:\Mvn\apache-maven-3.9.11\lib\jansi-native -Dmaven.multiModuleProjectDirectory=E:\Unolo\attendance-backend org.codehaus.plexus.classworlds.launcher.Launcher spring-boot:run

Host: AMD Ryzen 7 5700U with Radeon Graphics         , 16 cores, 7G,  Windows 11 , 64 bit Build 26100 (10.0.26100.7309)
Time: Wed Dec 31 10:05:05 2025 India Standard Time elapsed time: 28.939463 seconds (0d 0h 0m 28s)

---------------  T H R E A D  ---------------

Current thread (0x000001811c885140):  JavaThread "C2 CompilerThread0" daemon [_thread_in_native, id=34776, stack(0x000000286b600000,0x000000286b700000)]


Current CompileTask:
C2:  28939 11870   !   4       com.sun.tools.javac.code.Types$12::visitClassType (229 bytes)

Stack: [0x000000286b600000,0x000000286b700000]
Native frames: (J=compiled Java code, j=interpreted, Vv=VM code, C=native code)
V  [jvm.dll+0x67a04a]
V  [jvm.dll+0x7da4ed]
V  [jvm.dll+0x7dbe33]
V  [jvm.dll+0x7dc4a3]
V  [jvm.dll+0x24508f]
V  [jvm.dll+0xab773]
V  [jvm.dll+0xabd3c]
V  [jvm.dll+0x361bee]
V  [jvm.dll+0x32c431]
V  [jvm.dll+0x32b8ca]
V  [jvm.dll+0x21683f]
V  [jvm.dll+0x215c6f]
V  [jvm.dll+0x1a2960]
V  [jvm.dll+0x22610b]
V  [jvm.dll+0x2242ab]
V  [jvm.dll+0x79075c]
V  [jvm.dll+0x78abea]
V  [jvm.dll+0x678f35]
C  [ucrtbase.dll+0x37b0]
C  [KERNEL32.DLL+0x2e8d7]
C  [ntdll.dll+0x8c53c]


---------------  P R O C E S S  ---------------

Threads class SMR info:
_java_thread_list=0x000001811cb8fef0, length=14, elements={
0x000001817f885320, 0x000001811c869200, 0x000001811c869dc0, 0x000001811c87e6f0,
0x000001811c8810c0, 0x000001811c881a80, 0x000001811c882440, 0x000001811c885140,
0x000001811c89c8d0, 0x000001811c89dab0, 0x000001811cb03570, 0x000001811cb0c280,
0x0000018162debc50, 0x0000018162314fd0
}

Java Threads: ( => current thread )
  0x000001817f885320 JavaThread "main" [_thread_in_Java, id=33068, stack(0x000000286a900000,0x000000286aa00000)]
  0x000001811c869200 JavaThread "Reference Handler" daemon [_thread_blocked, id=26800, stack(0x000000286b000000,0x000000286b100000)]
  0x000001811c869dc0 JavaThread "Finalizer" daemon [_thread_blocked, id=20252, stack(0x000000286b100000,0x000000286b200000)]
  0x000001811c87e6f0 JavaThread "Signal Dispatcher" daemon [_thread_blocked, id=27680, stack(0x000000286b200000,0x000000286b300000)]
  0x000001811c8810c0 JavaThread "Attach Listener" daemon [_thread_blocked, id=30632, stack(0x000000286b300000,0x000000286b400000)]
  0x000001811c881a80 JavaThread "Service Thread" daemon [_thread_blocked, id=29656, stack(0x000000286b400000,0x000000286b500000)]
  0x000001811c882440 JavaThread "Monitor Deflation Thread" daemon [_thread_blocked, id=28896, stack(0x000000286b500000,0x000000286b600000)]
=>0x000001811c885140 JavaThread "C2 CompilerThread0" daemon [_thread_in_native, id=34776, stack(0x000000286b600000,0x000000286b700000)]
  0x000001811c89c8d0 JavaThread "C1 CompilerThread0" daemon [_thread_blocked, id=23928, stack(0x000000286b700000,0x000000286b800000)]
  0x000001811c89dab0 JavaThread "Sweeper thread" daemon [_thread_in_vm, id=23624, stack(0x000000286b800000,0x000000286b900000)]
  0x000001811cb03570 JavaThread "Notification Thread" daemon [_thread_blocked, id=10780, stack(0x000000286b900000,0x000000286ba00000)]
  0x000001811cb0c280 JavaThread "Common-Cleaner" daemon [_thread_blocked, id=28248, stack(0x000000286bb00000,0x000000286bc00000)]
  0x0000018162debc50 JavaThread "Thread-1" daemon [_thread_blocked, id=31092, stack(0x000000286c600000,0x000000286c700000)]
  0x0000018162314fd0 JavaThread "C1 CompilerThread1" daemon [_thread_in_vm, id=34068, stack(0x000000286cb00000,0x000000286cc00000)]

Other Threads:
  0x000001811c865850 VMThread "VM Thread" [stack: 0x000000286af00000,0x000000286b000000] [id=34648]
  0x000001811cb091d0 WatcherThread [stack: 0x000000286ba00000,0x000000286bb00000] [id=29332]
  0x000001817f8afd60 GCTaskThread "GC Thread#0" [stack: 0x000000286aa00000,0x000000286ab00000] [id=5888]
  0x0000018162643990 GCTaskThread "GC Thread#1" [stack: 0x000000286bd00000,0x000000286be00000] [id=30564]
  0x000001811ccd28b0 GCTaskThread "GC Thread#2" [stack: 0x000000286be00000,0x000000286bf00000] [id=29028]
  0x00000181628ef700 GCTaskThread "GC Thread#3" [stack: 0x000000286bf00000,0x000000286c000000] [id=28188]
  0x00000181628ef9c0 GCTaskThread "GC Thread#4" [stack: 0x000000286c000000,0x000000286c100000] [id=10292]
  0x00000181626d6bb0 GCTaskThread "GC Thread#5" [stack: 0x000000286c100000,0x000000286c200000] [id=35652]
  0x000001811cd9f450 GCTaskThread "GC Thread#6" [stack: 0x000000286c200000,0x000000286c300000] [id=29996]
  0x00000181629238f0 GCTaskThread "GC Thread#7" [stack: 0x000000286c300000,0x000000286c400000] [id=13400]
  0x0000018162924bc0 GCTaskThread "GC Thread#8" [stack: 0x000000286c400000,0x000000286c500000] [id=9496]
  0x0000018162924e80 GCTaskThread "GC Thread#9" [stack: 0x000000286c500000,0x000000286c600000] [id=22392]
  0x0000018163205040 GCTaskThread "GC Thread#10" [stack: 0x000000286bc00000,0x000000286bd00000] [id=5064]
  0x00000181632055c0 GCTaskThread "GC Thread#11" [stack: 0x000000286c700000,0x000000286c800000] [id=32404]
  0x0000018163203fc0 GCTaskThread "GC Thread#12" [stack: 0x000000286c800000,0x000000286c900000] [id=29776]
  0x000001817f8b4cb0 ConcurrentGCThread "G1 Main Marker" [stack: 0x000000286ab00000,0x000000286ac00000] [id=9256]
  0x000001817f8b73a0 ConcurrentGCThread "G1 Conc#0" [stack: 0x000000286ac00000,0x000000286ad00000] [id=32124]
  0x0000018163205880 ConcurrentGCThread "G1 Conc#1" [stack: 0x000000286c900000,0x000000286ca00000] [id=32408]
  0x0000018163205b40 ConcurrentGCThread "G1 Conc#2" [stack: 0x000000286ca00000,0x000000286cb00000] [id=32572]
  0x000001811c714570 ConcurrentGCThread "G1 Refine#0" [stack: 0x000000286ad00000,0x000000286ae00000] [id=26872]
  0x000001811cd41530 ConcurrentGCThread "G1 Refine#1" [stack: 0x000000286cc00000,0x000000286cd00000] [id=29308]
  0x0000018162de17f0 ConcurrentGCThread "G1 Refine#2" [stack: 0x000000286cd00000,0x000000286ce00000] [id=34380]
  0x0000018163492b90 ConcurrentGCThread "G1 Refine#3" [stack: 0x000000286ce00000,0x000000286cf00000] [id=14360]
  0x0000018163494310 ConcurrentGCThread "G1 Refine#4" [stack: 0x000000286cf00000,0x000000286d000000] [id=13496]
  0x000001811c714eb0 ConcurrentGCThread "G1 Service" [stack: 0x000000286ae00000,0x000000286af00000] [id=28572]

Threads with active compile tasks:
C2 CompilerThread0    29003 11870   !   4       com.sun.tools.javac.code.Types$12::visitClassType (229 bytes)

VM state: not at safepoint (normal execution)

VM Mutex/Monitor currently owned by a thread:  ([mutex/lock_event])
[0x000001817f883630] CompiledIC_lock - owner thread: 0x000001811c89dab0

Heap address: 0x00000000e0000000, size: 512 MB, Compressed Oops mode: 32-bit

CDS archive(s) mapped at: [0x000001811d000000-0x000001811dbd0000-0x000001811dbd0000), size 12386304, SharedBaseAddress: 0x000001811d000000, ArchiveRelocationMode: 1.
Compressed class space mapped at: 0x000001811e000000-0x000001815e000000, reserved size: 1073741824
Narrow klass base: 0x000001811d000000, Narrow klass shift: 0, Narrow klass range: 0x100000000

GC Precious Log:
 CPUs: 16 total, 16 available
 Memory: 7501M
 Large Page Support: Disabled
 NUMA Support: Disabled
 Compressed Oops: Enabled (32-bit)
 Heap Region Size: 1M
 Heap Min Capacity: 256M
 Heap Initial Capacity: 256M
 Heap Max Capacity: 512M
 Pre-touch: Disabled
 Parallel Workers: 13
 Concurrent Workers: 3
 Concurrent Refinement Workers: 13
 Periodic GC: Disabled

Heap:
 garbage-first heap   total 262144K, used 146192K [0x00000000e0000000, 0x0000000100000000)
  region size 1024K, 97 young (99328K), 10 survivors (10240K)
 Metaspace       used 38103K, committed 38464K, reserved 1114112K
  class space    used 4245K, committed 4416K, reserved 1048576K

Heap Regions: E=young(eden), S=young(survivor), O=old, HS=humongous(starts), HC=humongous(continues), CS=collection set, F=free, OA=open archive, CA=closed archive, TAMS=top-at-mark-start (previous, next)
|   0|0x00000000e0000000, 0x00000000e0100000, 0x00000000e0100000|100%| O|  |TAMS 0x00000000e0100000, 0x00000000e0000000| Untracked 
|   1|0x00000000e0100000, 0x00000000e0200000, 0x00000000e0200000|100%| O|  |TAMS 0x00000000e0200000, 0x00000000e0100000| Untracked 
|   2|0x00000000e0200000, 0x00000000e0300000, 0x00000000e0300000|100%| O|  |TAMS 0x00000000e0300000, 0x00000000e0200000| Untracked 
|   3|0x00000000e0300000, 0x00000000e0400000, 0x00000000e0400000|100%| O|  |TAMS 0x00000000e0400000, 0x00000000e0300000| Untracked 
|   4|0x00000000e0400000, 0x00000000e0500000, 0x00000000e0500000|100%|HS|  |TAMS 0x00000000e0500000, 0x00000000e0400000| Complete 
|   5|0x00000000e0500000, 0x00000000e0600000, 0x00000000e0600000|100%| O|  |TAMS 0x00000000e0500000, 0x00000000e0500000| Untracked 
|   6|0x00000000e0600000, 0x00000000e0700000, 0x00000000e0700000|100%| O|  |TAMS 0x00000000e0700000, 0x00000000e0600000| Untracked 
|   7|0x00000000e0700000, 0x00000000e0800000, 0x00000000e0800000|100%| O|  |TAMS 0x00000000e0800000, 0x00000000e0700000| Untracked 
|   8|0x00000000e0800000, 0x00000000e0900000, 0x00000000e0900000|100%| O|  |TAMS 0x00000000e0900000, 0x00000000e0800000| Untracked 
|   9|0x00000000e0900000, 0x00000000e0a00000, 0x00000000e0a00000|100%| O|  |TAMS 0x00000000e0a00000, 0x00000000e0900000| Untracked 
|  10|0x00000000e0a00000, 0x00000000e0b00000, 0x00000000e0b00000|100%| O|  |TAMS 0x00000000e0b00000, 0x00000000e0a00000| Untracked 
|  11|0x00000000e0b00000, 0x00000000e0c00000, 0x00000000e0c00000|100%| O|  |TAMS 0x00000000e0c00000, 0x00000000e0b00000| Untracked 
|  12|0x00000000e0c00000, 0x00000000e0d00000, 0x00000000e0d00000|100%| O|  |TAMS 0x00000000e0d00000, 0x00000000e0c00000| Untracked 
|  13|0x00000000e0d00000, 0x00000000e0e00000, 0x00000000e0e00000|100%| O|  |TAMS 0x00000000e0e00000, 0x00000000e0d00000| Untracked 
|  14|0x00000000e0e00000, 0x00000000e0f00000, 0x00000000e0f00000|100%| O|  |TAMS 0x00000000e0f00000, 0x00000000e0e00000| Untracked 
|  15|0x00000000e0f00000, 0x00000000e1000000, 0x00000000e1000000|100%| O|  |TAMS 0x00000000e1000000, 0x00000000e0f00000| Untracked 
|  16|0x00000000e1000000, 0x00000000e1100000, 0x00000000e1100000|100%| O|  |TAMS 0x00000000e1100000, 0x00000000e1000000| Untracked 
|  17|0x00000000e1100000, 0x00000000e1200000, 0x00000000e1200000|100%| O|  |TAMS 0x00000000e1200000, 0x00000000e1100000| Untracked 
|  18|0x00000000e1200000, 0x00000000e1300000, 0x00000000e1300000|100%| O|  |TAMS 0x00000000e1300000, 0x00000000e1200000| Untracked 
|  19|0x00000000e1300000, 0x00000000e1400000, 0x00000000e1400000|100%| O|  |TAMS 0x00000000e1400000, 0x00000000e1300000| Untracked 
|  20|0x00000000e1400000, 0x00000000e1500000, 0x00000000e1500000|100%| O|  |TAMS 0x00000000e1500000, 0x00000000e1400000| Untracked 
|  21|0x00000000e1500000, 0x00000000e1600000, 0x00000000e1600000|100%| O|  |TAMS 0x00000000e1600000, 0x00000000e1500000| Untracked 
|  22|0x00000000e1600000, 0x00000000e1700000, 0x00000000e1700000|100%| O|  |TAMS 0x00000000e1700000, 0x00000000e1600000| Untracked 
|  23|0x00000000e1700000, 0x00000000e1800000, 0x00000000e1800000|100%| O|  |TAMS 0x00000000e1800000, 0x00000000e1700000| Untracked 
|  24|0x00000000e1800000, 0x00000000e1900000, 0x00000000e1900000|100%| O|  |TAMS 0x00000000e1900000, 0x00000000e1800000| Untracked 
|  25|0x00000000e1900000, 0x00000000e1a00000, 0x00000000e1a00000|100%| O|  |TAMS 0x00000000e1a00000, 0x00000000e1900000| Untracked 
|  26|0x00000000e1a00000, 0x00000000e1b00000, 0x00000000e1b00000|100%| O|  |TAMS 0x00000000e1b00000, 0x00000000e1a00000| Untracked 
|  27|0x00000000e1b00000, 0x00000000e1c00000, 0x00000000e1c00000|100%| O|  |TAMS 0x00000000e1c00000, 0x00000000e1b00000| Untracked 
|  28|0x00000000e1c00000, 0x00000000e1d00000, 0x00000000e1d00000|100%| O|  |TAMS 0x00000000e1d00000, 0x00000000e1c00000| Untracked 
|  29|0x00000000e1d00000, 0x00000000e1e00000, 0x00000000e1e00000|100%| O|  |TAMS 0x00000000e1e00000, 0x00000000e1d00000| Untracked 
|  30|0x00000000e1e00000, 0x00000000e1f00000, 0x00000000e1f00000|100%| O|  |TAMS 0x00000000e1f00000, 0x00000000e1e00000| Untracked 
|  31|0x00000000e1f00000, 0x00000000e2000000, 0x00000000e2000000|100%| O|  |TAMS 0x00000000e2000000, 0x00000000e1f00000| Untracked 
|  32|0x00000000e2000000, 0x00000000e2100000, 0x00000000e2100000|100%| O|  |TAMS 0x00000000e2100000, 0x00000000e2000000| Untracked 
|  33|0x00000000e2100000, 0x00000000e2200000, 0x00000000e2200000|100%| O|  |TAMS 0x00000000e2200000, 0x00000000e2100000| Untracked 
|  34|0x00000000e2200000, 0x00000000e2300000, 0x00000000e2300000|100%| O|  |TAMS 0x00000000e2300000, 0x00000000e2200000| Untracked 
|  35|0x00000000e2300000, 0x00000000e2400000, 0x00000000e2400000|100%| O|  |TAMS 0x00000000e2400000, 0x00000000e2300000| Untracked 
|  36|0x00000000e2400000, 0x00000000e2500000, 0x00000000e2500000|100%| O|  |TAMS 0x00000000e24f3c00, 0x00000000e2400000| Untracked 
|  37|0x00000000e2500000, 0x00000000e2600000, 0x00000000e2600000|100%|HS|  |TAMS 0x00000000e2600000, 0x00000000e2500000| Complete 
|  38|0x00000000e2600000, 0x00000000e2700000, 0x00000000e2700000|100%|HS|  |TAMS 0x00000000e2700000, 0x00000000e2600000| Complete 
|  39|0x00000000e2700000, 0x00000000e2800000, 0x00000000e2800000|100%|HC|  |TAMS 0x00000000e2800000, 0x00000000e2700000| Complete 
|  40|0x00000000e2800000, 0x00000000e2900000, 0x00000000e2900000|100%| O|  |TAMS 0x00000000e2800000, 0x00000000e2800000| Untracked 
|  41|0x00000000e2900000, 0x00000000e2a00000, 0x00000000e2a00000|100%| O|  |TAMS 0x00000000e2900000, 0x00000000e2900000| Untracked 
|  42|0x00000000e2a00000, 0x00000000e2b00000, 0x00000000e2b00000|100%| O|  |TAMS 0x00000000e2a00000, 0x00000000e2a00000| Untracked 
|  43|0x00000000e2b00000, 0x00000000e2c00000, 0x00000000e2c00000|100%| O|  |TAMS 0x00000000e2b00000, 0x00000000e2b00000| Untracked 
|  44|0x00000000e2c00000, 0x00000000e2d00000, 0x00000000e2d00000|100%| O|  |TAMS 0x00000000e2c00000, 0x00000000e2c00000| Untracked 
|  45|0x00000000e2d00000, 0x00000000e2e00000, 0x00000000e2e00000|100%| O|  |TAMS 0x00000000e2d00000, 0x00000000e2d00000| Untracked 
|  46|0x00000000e2e00000, 0x00000000e2f00000, 0x00000000e2f00000|100%| O|  |TAMS 0x00000000e2e00000, 0x00000000e2e00000| Untracked 
|  47|0x00000000e2f00000, 0x00000000e2f86600, 0x00000000e3000000| 52%| O|  |TAMS 0x00000000e2f00000, 0x00000000e2f00000| Untracked 
|  48|0x00000000e3000000, 0x00000000e3000000, 0x00000000e3100000|  0%| F|  |TAMS 0x00000000e3000000, 0x00000000e3000000| Untracked 
|  49|0x00000000e3100000, 0x00000000e3100000, 0x00000000e3200000|  0%| F|  |TAMS 0x00000000e3100000, 0x00000000e3100000| Untracked 
|  50|0x00000000e3200000, 0x00000000e3200000, 0x00000000e3300000|  0%| F|  |TAMS 0x00000000e3200000, 0x00000000e3200000| Untracked 
|  51|0x00000000e3300000, 0x00000000e3300000, 0x00000000e3400000|  0%| F|  |TAMS 0x00000000e3300000, 0x00000000e3300000| Untracked 
|  52|0x00000000e3400000, 0x00000000e3400000, 0x00000000e3500000|  0%| F|  |TAMS 0x00000000e3400000, 0x00000000e3400000| Untracked 
|  53|0x00000000e3500000, 0x00000000e3500000, 0x00000000e3600000|  0%| F|  |TAMS 0x00000000e3500000, 0x00000000e3500000| Untracked 
|  54|0x00000000e3600000, 0x00000000e3600000, 0x00000000e3700000|  0%| F|  |TAMS 0x00000000e3600000, 0x00000000e3600000| Untracked 
|  55|0x00000000e3700000, 0x00000000e3700000, 0x00000000e3800000|  0%| F|  |TAMS 0x00000000e3700000, 0x00000000e3700000| Untracked 
|  56|0x00000000e3800000, 0x00000000e3800000, 0x00000000e3900000|  0%| F|  |TAMS 0x00000000e3800000, 0x00000000e3800000| Untracked 
|  57|0x00000000e3900000, 0x00000000e3900000, 0x00000000e3a00000|  0%| F|  |TAMS 0x00000000e3900000, 0x00000000e3900000| Untracked 
|  58|0x00000000e3a00000, 0x00000000e3a00000, 0x00000000e3b00000|  0%| F|  |TAMS 0x00000000e3a00000, 0x00000000e3a00000| Untracked 
|  59|0x00000000e3b00000, 0x00000000e3b00000, 0x00000000e3c00000|  0%| F|  |TAMS 0x00000000e3b00000, 0x00000000e3b00000| Untracked 
|  60|0x00000000e3c00000, 0x00000000e3c00000, 0x00000000e3d00000|  0%| F|  |TAMS 0x00000000e3c00000, 0x00000000e3c00000| Untracked 
|  61|0x00000000e3d00000, 0x00000000e3d00000, 0x00000000e3e00000|  0%| F|  |TAMS 0x00000000e3d00000, 0x00000000e3d00000| Untracked 
|  62|0x00000000e3e00000, 0x00000000e3e00000, 0x00000000e3f00000|  0%| F|  |TAMS 0x00000000e3e00000, 0x00000000e3e00000| Untracked 
|  63|0x00000000e3f00000, 0x00000000e3f00000, 0x00000000e4000000|  0%| F|  |TAMS 0x00000000e3f00000, 0x00000000e3f00000| Untracked 
|  64|0x00000000e4000000, 0x00000000e4000000, 0x00000000e4100000|  0%| F|  |TAMS 0x00000000e4000000, 0x00000000e4000000| Untracked 
|  65|0x00000000e4100000, 0x00000000e4100000, 0x00000000e4200000|  0%| F|  |TAMS 0x00000000e4100000, 0x00000000e4100000| Untracked 
|  66|0x00000000e4200000, 0x00000000e4200000, 0x00000000e4300000|  0%| F|  |TAMS 0x00000000e4200000, 0x00000000e4200000| Untracked 
|  67|0x00000000e4300000, 0x00000000e4300000, 0x00000000e4400000|  0%| F|  |TAMS 0x00000000e4300000, 0x00000000e4300000| Untracked 
|  68|0x00000000e4400000, 0x00000000e4400000, 0x00000000e4500000|  0%| F|  |TAMS 0x00000000e4400000, 0x00000000e4400000| Untracked 
|  69|0x00000000e4500000, 0x00000000e4500000, 0x00000000e4600000|  0%| F|  |TAMS 0x00000000e4500000, 0x00000000e4500000| Untracked 
|  70|0x00000000e4600000, 0x00000000e4600000, 0x00000000e4700000|  0%| F|  |TAMS 0x00000000e4600000, 0x00000000e4600000| Untracked 
|  71|0x00000000e4700000, 0x00000000e4700000, 0x00000000e4800000|  0%| F|  |TAMS 0x00000000e4700000, 0x00000000e4700000| Untracked 
|  72|0x00000000e4800000, 0x00000000e4800000, 0x00000000e4900000|  0%| F|  |TAMS 0x00000000e4800000, 0x00000000e4800000| Untracked 
|  73|0x00000000e4900000, 0x00000000e4900000, 0x00000000e4a00000|  0%| F|  |TAMS 0x00000000e4900000, 0x00000000e4900000| Untracked 
|  74|0x00000000e4a00000, 0x00000000e4a00000, 0x00000000e4b00000|  0%| F|  |TAMS 0x00000000e4a00000, 0x00000000e4a00000| Untracked 
|  75|0x00000000e4b00000, 0x00000000e4b00000, 0x00000000e4c00000|  0%| F|  |TAMS 0x00000000e4b00000, 0x00000000e4b00000| Untracked 
|  76|0x00000000e4c00000, 0x00000000e4c00000, 0x00000000e4d00000|  0%| F|  |TAMS 0x00000000e4c00000, 0x00000000e4c00000| Untracked 
|  77|0x00000000e4d00000, 0x00000000e4d00000, 0x00000000e4e00000|  0%| F|  |TAMS 0x00000000e4d00000, 0x00000000e4d00000| Untracked 
|  78|0x00000000e4e00000, 0x00000000e4e00000, 0x00000000e4f00000|  0%| F|  |TAMS 0x00000000e4e00000, 0x00000000e4e00000| Untracked 
|  79|0x00000000e4f00000, 0x00000000e4f00000, 0x00000000e5000000|  0%| F|  |TAMS 0x00000000e4f00000, 0x00000000e4f00000| Untracked 
|  80|0x00000000e5000000, 0x00000000e5000000, 0x00000000e5100000|  0%| F|  |TAMS 0x00000000e5000000, 0x00000000e5000000| Untracked 
|  81|0x00000000e5100000, 0x00000000e5100000, 0x00000000e5200000|  0%| F|  |TAMS 0x00000000e5100000, 0x00000000e5100000| Untracked 
|  82|0x00000000e5200000, 0x00000000e5200000, 0x00000000e5300000|  0%| F|  |TAMS 0x00000000e5200000, 0x00000000e5200000| Untracked 
|  83|0x00000000e5300000, 0x00000000e5300000, 0x00000000e5400000|  0%| F|  |TAMS 0x00000000e5300000, 0x00000000e5300000| Untracked 
|  84|0x00000000e5400000, 0x00000000e5400000, 0x00000000e5500000|  0%| F|  |TAMS 0x00000000e5400000, 0x00000000e5400000| Untracked 
|  85|0x00000000e5500000, 0x00000000e5500000, 0x00000000e5600000|  0%| F|  |TAMS 0x00000000e5500000, 0x00000000e5500000| Untracked 
|  86|0x00000000e5600000, 0x00000000e5600000, 0x00000000e5700000|  0%| F|  |TAMS 0x00000000e5600000, 0x00000000e5600000| Untracked 
|  87|0x00000000e5700000, 0x00000000e5700000, 0x00000000e5800000|  0%| F|  |TAMS 0x00000000e5700000, 0x00000000e5700000| Untracked 
|  88|0x00000000e5800000, 0x00000000e5800000, 0x00000000e5900000|  0%| F|  |TAMS 0x00000000e5800000, 0x00000000e5800000| Untracked 
|  89|0x00000000e5900000, 0x00000000e5900000, 0x00000000e5a00000|  0%| F|  |TAMS 0x00000000e5900000, 0x00000000e5900000| Untracked 
|  90|0x00000000e5a00000, 0x00000000e5a00000, 0x00000000e5b00000|  0%| F|  |TAMS 0x00000000e5a00000, 0x00000000e5a00000| Untracked 
|  91|0x00000000e5b00000, 0x00000000e5b00000, 0x00000000e5c00000|  0%| F|  |TAMS 0x00000000e5b00000, 0x00000000e5b00000| Untracked 
|  92|0x00000000e5c00000, 0x00000000e5c00000, 0x00000000e5d00000|  0%| F|  |TAMS 0x00000000e5c00000, 0x00000000e5c00000| Untracked 
|  93|0x00000000e5d00000, 0x00000000e5d3db40, 0x00000000e5e00000| 24%| S|CS|TAMS 0x00000000e5d00000, 0x00000000e5d00000| Complete 
|  94|0x00000000e5e00000, 0x00000000e5f00000, 0x00000000e5f00000|100%| S|CS|TAMS 0x00000000e5e00000, 0x00000000e5e00000| Complete 
|  95|0x00000000e5f00000, 0x00000000e5f00000, 0x00000000e6000000|  0%| F|  |TAMS 0x00000000e5f00000, 0x00000000e5f00000| Untracked 
|  96|0x00000000e6000000, 0x00000000e6000000, 0x00000000e6100000|  0%| F|  |TAMS 0x00000000e6000000, 0x00000000e6000000| Untracked 
|  97|0x00000000e6100000, 0x00000000e6100000, 0x00000000e6200000|  0%| F|  |TAMS 0x00000000e6100000, 0x00000000e6100000| Untracked 
|  98|0x00000000e6200000, 0x00000000e6200000, 0x00000000e6300000|  0%| F|  |TAMS 0x00000000e6200000, 0x00000000e6200000| Untracked 
|  99|0x00000000e6300000, 0x00000000e6300000, 0x00000000e6400000|  0%| F|  |TAMS 0x00000000e6300000, 0x00000000e6300000| Untracked 
| 100|0x00000000e6400000, 0x00000000e6400000, 0x00000000e6500000|  0%| F|  |TAMS 0x00000000e6400000, 0x00000000e6400000| Untracked 
| 101|0x00000000e6500000, 0x00000000e6500000, 0x00000000e6600000|  0%| F|  |TAMS 0x00000000e6500000, 0x00000000e6500000| Untracked 
| 102|0x00000000e6600000, 0x00000000e6600000, 0x00000000e6700000|  0%| F|  |TAMS 0x00000000e6600000, 0x00000000e6600000| Untracked 
| 103|0x00000000e6700000, 0x00000000e6800000, 0x00000000e6800000|100%| S|CS|TAMS 0x00000000e6700000, 0x00000000e6700000| Complete 
| 104|0x00000000e6800000, 0x00000000e6900000, 0x00000000e6900000|100%| S|CS|TAMS 0x00000000e6800000, 0x00000000e6800000| Complete 
| 105|0x00000000e6900000, 0x00000000e6a00000, 0x00000000e6a00000|100%| S|CS|TAMS 0x00000000e6900000, 0x00000000e6900000| Complete 
| 106|0x00000000e6a00000, 0x00000000e6b00000, 0x00000000e6b00000|100%| S|CS|TAMS 0x00000000e6a00000, 0x00000000e6a00000| Complete 
| 107|0x00000000e6b00000, 0x00000000e6c00000, 0x00000000e6c00000|100%| S|CS|TAMS 0x00000000e6b00000, 0x00000000e6b00000| Complete 
| 108|0x00000000e6c00000, 0x00000000e6d00000, 0x00000000e6d00000|100%| S|CS|TAMS 0x00000000e6c00000, 0x00000000e6c00000| Complete 
| 109|0x00000000e6d00000, 0x00000000e6e00000, 0x00000000e6e00000|100%| S|CS|TAMS 0x00000000e6d00000, 0x00000000e6d00000| Complete 
| 110|0x00000000e6e00000, 0x00000000e6f00000, 0x00000000e6f00000|100%| S|CS|TAMS 0x00000000e6e00000, 0x00000000e6e00000| Complete 
| 111|0x00000000e6f00000, 0x00000000e6f00000, 0x00000000e7000000|  0%| F|  |TAMS 0x00000000e6f00000, 0x00000000e6f00000| Untracked 
| 112|0x00000000e7000000, 0x00000000e7000000, 0x00000000e7100000|  0%| F|  |TAMS 0x00000000e7000000, 0x00000000e7000000| Untracked 
| 113|0x00000000e7100000, 0x00000000e7100000, 0x00000000e7200000|  0%| F|  |TAMS 0x00000000e7100000, 0x00000000e7100000| Untracked 
| 114|0x00000000e7200000, 0x00000000e7200000, 0x00000000e7300000|  0%| F|  |TAMS 0x00000000e7200000, 0x00000000e7200000| Untracked 
| 115|0x00000000e7300000, 0x00000000e7300000, 0x00000000e7400000|  0%| F|  |TAMS 0x00000000e7300000, 0x00000000e7300000| Untracked 
| 116|0x00000000e7400000, 0x00000000e7400000, 0x00000000e7500000|  0%| F|  |TAMS 0x00000000e7400000, 0x00000000e7400000| Untracked 
| 117|0x00000000e7500000, 0x00000000e7500000, 0x00000000e7600000|  0%| F|  |TAMS 0x00000000e7500000, 0x00000000e7500000| Untracked 
| 118|0x00000000e7600000, 0x00000000e7600000, 0x00000000e7700000|  0%| F|  |TAMS 0x00000000e7600000, 0x00000000e7600000| Untracked 
| 119|0x00000000e7700000, 0x00000000e7700000, 0x00000000e7800000|  0%| F|  |TAMS 0x00000000e7700000, 0x00000000e7700000| Untracked 
| 120|0x00000000e7800000, 0x00000000e7800000, 0x00000000e7900000|  0%| F|  |TAMS 0x00000000e7800000, 0x00000000e7800000| Untracked 
| 121|0x00000000e7900000, 0x00000000e7900000, 0x00000000e7a00000|  0%| F|  |TAMS 0x00000000e7900000, 0x00000000e7900000| Untracked 
| 122|0x00000000e7a00000, 0x00000000e7a00000, 0x00000000e7b00000|  0%| F|  |TAMS 0x00000000e7a00000, 0x00000000e7a00000| Untracked 
| 123|0x00000000e7b00000, 0x00000000e7b00000, 0x00000000e7c00000|  0%| F|  |TAMS 0x00000000e7b00000, 0x00000000e7b00000| Untracked 
| 124|0x00000000e7c00000, 0x00000000e7c00000, 0x00000000e7d00000|  0%| F|  |TAMS 0x00000000e7c00000, 0x00000000e7c00000| Untracked 
| 125|0x00000000e7d00000, 0x00000000e7d00000, 0x00000000e7e00000|  0%| F|  |TAMS 0x00000000e7d00000, 0x00000000e7d00000| Untracked 
| 126|0x00000000e7e00000, 0x00000000e7e00000, 0x00000000e7f00000|  0%| F|  |TAMS 0x00000000e7e00000, 0x00000000e7e00000| Untracked 
| 127|0x00000000e7f00000, 0x00000000e7f00000, 0x00000000e8000000|  0%| F|  |TAMS 0x00000000e7f00000, 0x00000000e7f00000| Untracked 
| 128|0x00000000e8000000, 0x00000000e8000000, 0x00000000e8100000|  0%| F|  |TAMS 0x00000000e8000000, 0x00000000e8000000| Untracked 
| 129|0x00000000e8100000, 0x00000000e8100000, 0x00000000e8200000|  0%| F|  |TAMS 0x00000000e8100000, 0x00000000e8100000| Untracked 
| 130|0x00000000e8200000, 0x00000000e8200000, 0x00000000e8300000|  0%| F|  |TAMS 0x00000000e8200000, 0x00000000e8200000| Untracked 
| 131|0x00000000e8300000, 0x00000000e8300000, 0x00000000e8400000|  0%| F|  |TAMS 0x00000000e8300000, 0x00000000e8300000| Untracked 
| 132|0x00000000e8400000, 0x00000000e8400000, 0x00000000e8500000|  0%| F|  |TAMS 0x00000000e8400000, 0x00000000e8400000| Untracked 
| 133|0x00000000e8500000, 0x00000000e8500000, 0x00000000e8600000|  0%| F|  |TAMS 0x00000000e8500000, 0x00000000e8500000| Untracked 
| 134|0x00000000e8600000, 0x00000000e8600000, 0x00000000e8700000|  0%| F|  |TAMS 0x00000000e8600000, 0x00000000e8600000| Untracked 
| 135|0x00000000e8700000, 0x00000000e8700000, 0x00000000e8800000|  0%| F|  |TAMS 0x00000000e8700000, 0x00000000e8700000| Untracked 
| 136|0x00000000e8800000, 0x00000000e8800000, 0x00000000e8900000|  0%| F|  |TAMS 0x00000000e8800000, 0x00000000e8800000| Untracked 
| 137|0x00000000e8900000, 0x00000000e8900000, 0x00000000e8a00000|  0%| F|  |TAMS 0x00000000e8900000, 0x00000000e8900000| Untracked 
| 138|0x00000000e8a00000, 0x00000000e8a00000, 0x00000000e8b00000|  0%| F|  |TAMS 0x00000000e8a00000, 0x00000000e8a00000| Untracked 
| 139|0x00000000e8b00000, 0x00000000e8b00000, 0x00000000e8c00000|  0%| F|  |TAMS 0x00000000e8b00000, 0x00000000e8b00000| Untracked 
| 140|0x00000000e8c00000, 0x00000000e8c00000, 0x00000000e8d00000|  0%| F|  |TAMS 0x00000000e8c00000, 0x00000000e8c00000| Untracked 
| 141|0x00000000e8d00000, 0x00000000e8d00000, 0x00000000e8e00000|  0%| F|  |TAMS 0x00000000e8d00000, 0x00000000e8d00000| Untracked 
| 142|0x00000000e8e00000, 0x00000000e8e00000, 0x00000000e8f00000|  0%| F|  |TAMS 0x00000000e8e00000, 0x00000000e8e00000| Untracked 
| 143|0x00000000e8f00000, 0x00000000e8f00000, 0x00000000e9000000|  0%| F|  |TAMS 0x00000000e8f00000, 0x00000000e8f00000| Untracked 
| 144|0x00000000e9000000, 0x00000000e9000000, 0x00000000e9100000|  0%| F|  |TAMS 0x00000000e9000000, 0x00000000e9000000| Untracked 
| 145|0x00000000e9100000, 0x00000000e9100000, 0x00000000e9200000|  0%| F|  |TAMS 0x00000000e9100000, 0x00000000e9100000| Untracked 
| 146|0x00000000e9200000, 0x00000000e9200000, 0x00000000e9300000|  0%| F|  |TAMS 0x00000000e9200000, 0x00000000e9200000| Untracked 
| 147|0x00000000e9300000, 0x00000000e9300000, 0x00000000e9400000|  0%| F|  |TAMS 0x00000000e9300000, 0x00000000e9300000| Untracked 
| 148|0x00000000e9400000, 0x00000000e9400000, 0x00000000e9500000|  0%| F|  |TAMS 0x00000000e9400000, 0x00000000e9400000| Untracked 
| 149|0x00000000e9500000, 0x00000000e9500000, 0x00000000e9600000|  0%| F|  |TAMS 0x00000000e9500000, 0x00000000e9500000| Untracked 
| 150|0x00000000e9600000, 0x00000000e9600000, 0x00000000e9700000|  0%| F|  |TAMS 0x00000000e9600000, 0x00000000e9600000| Untracked 
| 151|0x00000000e9700000, 0x00000000e9700000, 0x00000000e9800000|  0%| F|  |TAMS 0x00000000e9700000, 0x00000000e9700000| Untracked 
| 152|0x00000000e9800000, 0x00000000e9800000, 0x00000000e9900000|  0%| F|  |TAMS 0x00000000e9800000, 0x00000000e9800000| Untracked 
| 153|0x00000000e9900000, 0x00000000e9900000, 0x00000000e9a00000|  0%| F|  |TAMS 0x00000000e9900000, 0x00000000e9900000| Untracked 
| 154|0x00000000e9a00000, 0x00000000e9a00000, 0x00000000e9b00000|  0%| F|  |TAMS 0x00000000e9a00000, 0x00000000e9a00000| Untracked 
| 155|0x00000000e9b00000, 0x00000000e9b00000, 0x00000000e9c00000|  0%| F|  |TAMS 0x00000000e9b00000, 0x00000000e9b00000| Untracked 
| 156|0x00000000e9c00000, 0x00000000e9c00000, 0x00000000e9d00000|  0%| F|  |TAMS 0x00000000e9c00000, 0x00000000e9c00000| Untracked 
| 157|0x00000000e9d00000, 0x00000000e9d00000, 0x00000000e9e00000|  0%| F|  |TAMS 0x00000000e9d00000, 0x00000000e9d00000| Untracked 
| 158|0x00000000e9e00000, 0x00000000e9e00000, 0x00000000e9f00000|  0%| F|  |TAMS 0x00000000e9e00000, 0x00000000e9e00000| Untracked 
| 159|0x00000000e9f00000, 0x00000000e9f00000, 0x00000000ea000000|  0%| F|  |TAMS 0x00000000e9f00000, 0x00000000e9f00000| Untracked 
| 160|0x00000000ea000000, 0x00000000ea000000, 0x00000000ea100000|  0%| F|  |TAMS 0x00000000ea000000, 0x00000000ea000000| Untracked 
| 161|0x00000000ea100000, 0x00000000ea100000, 0x00000000ea200000|  0%| F|  |TAMS 0x00000000ea100000, 0x00000000ea100000| Untracked 
| 162|0x00000000ea200000, 0x00000000ea200000, 0x00000000ea300000|  0%| F|  |TAMS 0x00000000ea200000, 0x00000000ea200000| Untracked 
| 163|0x00000000ea300000, 0x00000000ea300000, 0x00000000ea400000|  0%| F|  |TAMS 0x00000000ea300000, 0x00000000ea300000| Untracked 
| 164|0x00000000ea400000, 0x00000000ea400000, 0x00000000ea500000|  0%| F|  |TAMS 0x00000000ea400000, 0x00000000ea400000| Untracked 
| 165|0x00000000ea500000, 0x00000000ea500000, 0x00000000ea600000|  0%| F|  |TAMS 0x00000000ea500000, 0x00000000ea500000| Untracked 
| 166|0x00000000ea600000, 0x00000000ea600000, 0x00000000ea700000|  0%| F|  |TAMS 0x00000000ea600000, 0x00000000ea600000| Untracked 
| 167|0x00000000ea700000, 0x00000000ea700000, 0x00000000ea800000|  0%| F|  |TAMS 0x00000000ea700000, 0x00000000ea700000| Untracked 
| 168|0x00000000ea800000, 0x00000000ea800000, 0x00000000ea900000|  0%| F|  |TAMS 0x00000000ea800000, 0x00000000ea800000| Untracked 
| 169|0x00000000ea900000, 0x00000000eaa00000, 0x00000000eaa00000|100%| E|  |TAMS 0x00000000ea900000, 0x00000000ea900000| Complete 
| 170|0x00000000eaa00000, 0x00000000eab00000, 0x00000000eab00000|100%| E|CS|TAMS 0x00000000eaa00000, 0x00000000eaa00000| Complete 
| 171|0x00000000eab00000, 0x00000000eac00000, 0x00000000eac00000|100%| E|CS|TAMS 0x00000000eab00000, 0x00000000eab00000| Complete 
| 172|0x00000000eac00000, 0x00000000ead00000, 0x00000000ead00000|100%| E|CS|TAMS 0x00000000eac00000, 0x00000000eac00000| Complete 
| 173|0x00000000ead00000, 0x00000000eae00000, 0x00000000eae00000|100%| E|CS|TAMS 0x00000000ead00000, 0x00000000ead00000| Complete 
| 174|0x00000000eae00000, 0x00000000eaf00000, 0x00000000eaf00000|100%| E|CS|TAMS 0x00000000eae00000, 0x00000000eae00000| Complete 
| 175|0x00000000eaf00000, 0x00000000eb000000, 0x00000000eb000000|100%| E|CS|TAMS 0x00000000eaf00000, 0x00000000eaf00000| Complete 
| 176|0x00000000eb000000, 0x00000000eb100000, 0x00000000eb100000|100%| E|CS|TAMS 0x00000000eb000000, 0x00000000eb000000| Complete 
| 177|0x00000000eb100000, 0x00000000eb200000, 0x00000000eb200000|100%| E|CS|TAMS 0x00000000eb100000, 0x00000000eb100000| Complete 
| 178|0x00000000eb200000, 0x00000000eb300000, 0x00000000eb300000|100%| E|CS|TAMS 0x00000000eb200000, 0x00000000eb200000| Complete 
| 179|0x00000000eb300000, 0x00000000eb400000, 0x00000000eb400000|100%| E|CS|TAMS 0x00000000eb300000, 0x00000000eb300000| Complete 
| 180|0x00000000eb400000, 0x00000000eb500000, 0x00000000eb500000|100%| E|CS|TAMS 0x00000000eb400000, 0x00000000eb400000| Complete 
| 181|0x00000000eb500000, 0x00000000eb600000, 0x00000000eb600000|100%| E|CS|TAMS 0x00000000eb500000, 0x00000000eb500000| Complete 
| 182|0x00000000eb600000, 0x00000000eb700000, 0x00000000eb700000|100%| E|CS|TAMS 0x00000000eb600000, 0x00000000eb600000| Complete 
| 183|0x00000000eb700000, 0x00000000eb800000, 0x00000000eb800000|100%| E|CS|TAMS 0x00000000eb700000, 0x00000000eb700000| Complete 
| 184|0x00000000eb800000, 0x00000000eb900000, 0x00000000eb900000|100%| E|CS|TAMS 0x00000000eb800000, 0x00000000eb800000| Complete 
| 185|0x00000000eb900000, 0x00000000eba00000, 0x00000000eba00000|100%| E|CS|TAMS 0x00000000eb900000, 0x00000000eb900000| Complete 
| 186|0x00000000eba00000, 0x00000000ebb00000, 0x00000000ebb00000|100%| E|CS|TAMS 0x00000000eba00000, 0x00000000eba00000| Complete 
| 187|0x00000000ebb00000, 0x00000000ebc00000, 0x00000000ebc00000|100%| E|CS|TAMS 0x00000000ebb00000, 0x00000000ebb00000| Complete 
| 188|0x00000000ebc00000, 0x00000000ebd00000, 0x00000000ebd00000|100%| E|CS|TAMS 0x00000000ebc00000, 0x00000000ebc00000| Complete 
| 189|0x00000000ebd00000, 0x00000000ebe00000, 0x00000000ebe00000|100%| E|CS|TAMS 0x00000000ebd00000, 0x00000000ebd00000| Complete 
| 190|0x00000000ebe00000, 0x00000000ebf00000, 0x00000000ebf00000|100%| E|CS|TAMS 0x00000000ebe00000, 0x00000000ebe00000| Complete 
| 191|0x00000000ebf00000, 0x00000000ec000000, 0x00000000ec000000|100%| E|CS|TAMS 0x00000000ebf00000, 0x00000000ebf00000| Complete 
| 192|0x00000000ec000000, 0x00000000ec100000, 0x00000000ec100000|100%| E|CS|TAMS 0x00000000ec000000, 0x00000000ec000000| Complete 
| 193|0x00000000ec100000, 0x00000000ec200000, 0x00000000ec200000|100%| E|CS|TAMS 0x00000000ec100000, 0x00000000ec100000| Complete 
| 194|0x00000000ec200000, 0x00000000ec300000, 0x00000000ec300000|100%| E|CS|TAMS 0x00000000ec200000, 0x00000000ec200000| Complete 
| 195|0x00000000ec300000, 0x00000000ec400000, 0x00000000ec400000|100%| E|CS|TAMS 0x00000000ec300000, 0x00000000ec300000| Complete 
| 196|0x00000000ec400000, 0x00000000ec500000, 0x00000000ec500000|100%| E|CS|TAMS 0x00000000ec400000, 0x00000000ec400000| Complete 
| 197|0x00000000ec500000, 0x00000000ec600000, 0x00000000ec600000|100%| E|CS|TAMS 0x00000000ec500000, 0x00000000ec500000| Complete 
| 198|0x00000000ec600000, 0x00000000ec700000, 0x00000000ec700000|100%| E|CS|TAMS 0x00000000ec600000, 0x00000000ec600000| Complete 
| 199|0x00000000ec700000, 0x00000000ec800000, 0x00000000ec800000|100%| E|CS|TAMS 0x00000000ec700000, 0x00000000ec700000| Complete 
| 200|0x00000000ec800000, 0x00000000ec900000, 0x00000000ec900000|100%| E|CS|TAMS 0x00000000ec800000, 0x00000000ec800000| Complete 
| 201|0x00000000ec900000, 0x00000000eca00000, 0x00000000eca00000|100%| E|CS|TAMS 0x00000000ec900000, 0x00000000ec900000| Complete 
| 202|0x00000000eca00000, 0x00000000ecb00000, 0x00000000ecb00000|100%| E|CS|TAMS 0x00000000eca00000, 0x00000000eca00000| Complete 
| 203|0x00000000ecb00000, 0x00000000ecc00000, 0x00000000ecc00000|100%| E|CS|TAMS 0x00000000ecb00000, 0x00000000ecb00000| Complete 
| 204|0x00000000ecc00000, 0x00000000ecd00000, 0x00000000ecd00000|100%| E|CS|TAMS 0x00000000ecc00000, 0x00000000ecc00000| Complete 
| 205|0x00000000ecd00000, 0x00000000ece00000, 0x00000000ece00000|100%| E|CS|TAMS 0x00000000ecd00000, 0x00000000ecd00000| Complete 
| 206|0x00000000ece00000, 0x00000000ecf00000, 0x00000000ecf00000|100%| E|CS|TAMS 0x00000000ece00000, 0x00000000ece00000| Complete 
| 207|0x00000000ecf00000, 0x00000000ed000000, 0x00000000ed000000|100%| E|CS|TAMS 0x00000000ecf00000, 0x00000000ecf00000| Complete 
| 208|0x00000000ed000000, 0x00000000ed100000, 0x00000000ed100000|100%| E|CS|TAMS 0x00000000ed000000, 0x00000000ed000000| Complete 
| 209|0x00000000ed100000, 0x00000000ed200000, 0x00000000ed200000|100%| E|CS|TAMS 0x00000000ed100000, 0x00000000ed100000| Complete 
| 210|0x00000000ed200000, 0x00000000ed300000, 0x00000000ed300000|100%| E|CS|TAMS 0x00000000ed200000, 0x00000000ed200000| Complete 
| 211|0x00000000ed300000, 0x00000000ed400000, 0x00000000ed400000|100%| E|CS|TAMS 0x00000000ed300000, 0x00000000ed300000| Complete 
| 212|0x00000000ed400000, 0x00000000ed500000, 0x00000000ed500000|100%| E|CS|TAMS 0x00000000ed400000, 0x00000000ed400000| Complete 
| 213|0x00000000ed500000, 0x00000000ed600000, 0x00000000ed600000|100%| E|CS|TAMS 0x00000000ed500000, 0x00000000ed500000| Complete 
| 214|0x00000000ed600000, 0x00000000ed700000, 0x00000000ed700000|100%| E|CS|TAMS 0x00000000ed600000, 0x00000000ed600000| Complete 
| 215|0x00000000ed700000, 0x00000000ed800000, 0x00000000ed800000|100%| E|CS|TAMS 0x00000000ed700000, 0x00000000ed700000| Complete 
| 216|0x00000000ed800000, 0x00000000ed900000, 0x00000000ed900000|100%| E|CS|TAMS 0x00000000ed800000, 0x00000000ed800000| Complete 
| 217|0x00000000ed900000, 0x00000000eda00000, 0x00000000eda00000|100%| E|CS|TAMS 0x00000000ed900000, 0x00000000ed900000| Complete 
| 218|0x00000000eda00000, 0x00000000edb00000, 0x00000000edb00000|100%| E|CS|TAMS 0x00000000eda00000, 0x00000000eda00000| Complete 
| 219|0x00000000edb00000, 0x00000000edc00000, 0x00000000edc00000|100%| E|CS|TAMS 0x00000000edb00000, 0x00000000edb00000| Complete 
| 220|0x00000000edc00000, 0x00000000edd00000, 0x00000000edd00000|100%| E|CS|TAMS 0x00000000edc00000, 0x00000000edc00000| Complete 
| 221|0x00000000edd00000, 0x00000000ede00000, 0x00000000ede00000|100%| E|CS|TAMS 0x00000000edd00000, 0x00000000edd00000| Complete 
| 222|0x00000000ede00000, 0x00000000edf00000, 0x00000000edf00000|100%| E|CS|TAMS 0x00000000ede00000, 0x00000000ede00000| Complete 
| 223|0x00000000edf00000, 0x00000000ee000000, 0x00000000ee000000|100%| E|CS|TAMS 0x00000000edf00000, 0x00000000edf00000| Complete 
| 224|0x00000000ee000000, 0x00000000ee100000, 0x00000000ee100000|100%| E|CS|TAMS 0x00000000ee000000, 0x00000000ee000000| Complete 
| 225|0x00000000ee100000, 0x00000000ee200000, 0x00000000ee200000|100%| E|CS|TAMS 0x00000000ee100000, 0x00000000ee100000| Complete 
| 226|0x00000000ee200000, 0x00000000ee300000, 0x00000000ee300000|100%| E|CS|TAMS 0x00000000ee200000, 0x00000000ee200000| Complete 
| 227|0x00000000ee300000, 0x00000000ee400000, 0x00000000ee400000|100%| E|CS|TAMS 0x00000000ee300000, 0x00000000ee300000| Complete 
| 228|0x00000000ee400000, 0x00000000ee500000, 0x00000000ee500000|100%| E|CS|TAMS 0x00000000ee400000, 0x00000000ee400000| Complete 
| 229|0x00000000ee500000, 0x00000000ee600000, 0x00000000ee600000|100%| E|CS|TAMS 0x00000000ee500000, 0x00000000ee500000| Complete 
| 230|0x00000000ee600000, 0x00000000ee700000, 0x00000000ee700000|100%| E|CS|TAMS 0x00000000ee600000, 0x00000000ee600000| Complete 
| 231|0x00000000ee700000, 0x00000000ee800000, 0x00000000ee800000|100%| E|CS|TAMS 0x00000000ee700000, 0x00000000ee700000| Complete 
| 232|0x00000000ee800000, 0x00000000ee900000, 0x00000000ee900000|100%| E|CS|TAMS 0x00000000ee800000, 0x00000000ee800000| Complete 
| 233|0x00000000ee900000, 0x00000000eea00000, 0x00000000eea00000|100%| E|CS|TAMS 0x00000000ee900000, 0x00000000ee900000| Complete 
| 234|0x00000000eea00000, 0x00000000eeb00000, 0x00000000eeb00000|100%| E|CS|TAMS 0x00000000eea00000, 0x00000000eea00000| Complete 
| 235|0x00000000eeb00000, 0x00000000eec00000, 0x00000000eec00000|100%| E|CS|TAMS 0x00000000eeb00000, 0x00000000eeb00000| Complete 
| 236|0x00000000eec00000, 0x00000000eed00000, 0x00000000eed00000|100%| E|CS|TAMS 0x00000000eec00000, 0x00000000eec00000| Complete 
| 237|0x00000000eed00000, 0x00000000eee00000, 0x00000000eee00000|100%| E|CS|TAMS 0x00000000eed00000, 0x00000000eed00000| Complete 
| 238|0x00000000eee00000, 0x00000000eef00000, 0x00000000eef00000|100%| E|CS|TAMS 0x00000000eee00000, 0x00000000eee00000| Complete 
| 239|0x00000000eef00000, 0x00000000ef000000, 0x00000000ef000000|100%| E|CS|TAMS 0x00000000eef00000, 0x00000000eef00000| Complete 
| 240|0x00000000ef000000, 0x00000000ef100000, 0x00000000ef100000|100%| E|CS|TAMS 0x00000000ef000000, 0x00000000ef000000| Complete 
| 241|0x00000000ef100000, 0x00000000ef200000, 0x00000000ef200000|100%| E|CS|TAMS 0x00000000ef100000, 0x00000000ef100000| Complete 
| 242|0x00000000ef200000, 0x00000000ef300000, 0x00000000ef300000|100%| E|CS|TAMS 0x00000000ef200000, 0x00000000ef200000| Complete 
| 243|0x00000000ef300000, 0x00000000ef400000, 0x00000000ef400000|100%| E|CS|TAMS 0x00000000ef300000, 0x00000000ef300000| Complete 
| 244|0x00000000ef400000, 0x00000000ef500000, 0x00000000ef500000|100%| E|CS|TAMS 0x00000000ef400000, 0x00000000ef400000| Complete 
| 245|0x00000000ef500000, 0x00000000ef600000, 0x00000000ef600000|100%| E|CS|TAMS 0x00000000ef500000, 0x00000000ef500000| Complete 
| 246|0x00000000ef600000, 0x00000000ef700000, 0x00000000ef700000|100%| E|CS|TAMS 0x00000000ef600000, 0x00000000ef600000| Complete 
| 247|0x00000000ef700000, 0x00000000ef800000, 0x00000000ef800000|100%| E|CS|TAMS 0x00000000ef700000, 0x00000000ef700000| Complete 
| 248|0x00000000ef800000, 0x00000000ef900000, 0x00000000ef900000|100%| E|CS|TAMS 0x00000000ef800000, 0x00000000ef800000| Complete 
| 249|0x00000000ef900000, 0x00000000efa00000, 0x00000000efa00000|100%| E|CS|TAMS 0x00000000ef900000, 0x00000000ef900000| Complete 
| 250|0x00000000efa00000, 0x00000000efb00000, 0x00000000efb00000|100%| E|CS|TAMS 0x00000000efa00000, 0x00000000efa00000| Complete 
| 251|0x00000000efb00000, 0x00000000efc00000, 0x00000000efc00000|100%| E|CS|TAMS 0x00000000efb00000, 0x00000000efb00000| Complete 
| 252|0x00000000efc00000, 0x00000000efd00000, 0x00000000efd00000|100%| E|CS|TAMS 0x00000000efc00000, 0x00000000efc00000| Complete 
| 253|0x00000000efd00000, 0x00000000efe00000, 0x00000000efe00000|100%| E|CS|TAMS 0x00000000efd00000, 0x00000000efd00000| Complete 
| 254|0x00000000efe00000, 0x00000000eff00000, 0x00000000eff00000|100%| E|CS|TAMS 0x00000000efe00000, 0x00000000efe00000| Complete 
| 255|0x00000000eff00000, 0x00000000f0000000, 0x00000000f0000000|100%| E|CS|TAMS 0x00000000eff00000, 0x00000000eff00000| Complete 

Card table byte_map: [0x00000181186a0000,0x00000181187a0000] _byte_map_base: 0x0000018117fa0000

Marking Bits (Prev, Next): (CMBitMap*) 0x000001817f8b0380, (CMBitMap*) 0x000001817f8b03c0
 Prev Bits: [0x00000181188a0000, 0x00000181190a0000)
 Next Bits: [0x00000181190a0000, 0x00000181198a0000)

Polling page: 0x000001817f450000

Metaspace:

Usage:
  Non-class:     33.07 MB used.
      Class:      4.15 MB used.
       Both:     37.21 MB used.

Virtual space:
  Non-class space:       64.00 MB reserved,      33.25 MB ( 52%) committed,  1 nodes.
      Class space:        1.00 GB reserved,       4.31 MB ( <1%) committed,  1 nodes.
             Both:        1.06 GB reserved,      37.56 MB (  3%) committed. 

Chunk freelists:
   Non-Class:  14.12 MB
       Class:  11.70 MB
        Both:  25.82 MB

MaxMetaspaceSize: unlimited
CompressedClassSpaceSize: 1.00 GB
Initial GC threshold: 21.00 MB
Current GC threshold: 59.38 MB
CDS: on
MetaspaceReclaimPolicy: balanced
 - commit_granule_bytes: 65536.
 - commit_granule_words: 8192.
 - virtual_space_node_default_size: 8388608.
 - enlarge_chunks_in_place: 1.
 - new_chunks_are_fully_committed: 0.
 - uncommit_free_chunks: 1.
 - use_allocation_guard: 0.
 - handle_deallocations: 1.


Internal statistics:

num_allocs_failed_limit: 6.
num_arena_births: 472.
num_arena_deaths: 0.
num_vsnodes_births: 2.
num_vsnodes_deaths: 0.
num_space_committed: 600.
num_space_uncommitted: 0.
num_chunks_returned_to_freelist: 6.
num_chunks_taken_from_freelist: 1937.
num_chunk_merges: 6.
num_chunk_splits: 1278.
num_chunks_enlarged: 882.
num_inconsistent_stats: 0.

CodeHeap 'non-profiled nmethods': size=119168Kb used=3877Kb max_used=3905Kb free=115290Kb
 bounds [0x00000181107a0000, 0x0000018110b80000, 0x0000018117c00000]
CodeHeap 'profiled nmethods': size=119104Kb used=22374Kb max_used=22374Kb free=96729Kb
 bounds [0x0000018108c00000, 0x000001810a1e0000, 0x0000018110050000]
CodeHeap 'non-nmethods': size=7488Kb used=1813Kb max_used=1853Kb free=5674Kb
 bounds [0x0000018110050000, 0x00000181102c0000, 0x00000181107a0000]
 total_blobs=10373 nmethods=9810 adapters=474
 compilation: enabled
              stopped_count=0, restarted_count=0
 full_count=0

Compilation events (20 events):
Event: 27.922 Thread 0x000001811c89c8d0 nmethod 12067 0x000001810a1b6490 code [0x000001810a1b6620, 0x000001810a1b6748]
Event: 27.923 Thread 0x000001811c89c8d0 12068       3       com.sun.tools.javac.code.Types$15::visitClassType (130 bytes)
Event: 27.924 Thread 0x000001811c89c8d0 nmethod 12068 0x000001810a1b6810 code [0x000001810a1b6ae0, 0x000001810a1b7d68]
Event: 27.925 Thread 0x000001811c89c8d0 12069       2       com.sun.tools.javac.comp.LambdaToMethod$LambdaAnalyzerPreprocessor::visitSelect (143 bytes)
Event: 27.925 Thread 0x0000018162314fd0 12070   !   2       com.sun.tools.javac.comp.LambdaToMethod$LambdaAnalyzerPreprocessor::visitApply (80 bytes)
Event: 27.926 Thread 0x0000018162314fd0 nmethod 12070 0x000001810a1b8310 code [0x000001810a1b8500, 0x000001810a1b8b38]
Event: 27.927 Thread 0x000001811c89c8d0 nmethod 12069 0x000001810a1b8e90 code [0x000001810a1b90a0, 0x000001810a1b95e8]
Event: 27.927 Thread 0x0000018162314fd0 12071   !   2       com.sun.tools.javac.comp.LambdaToMethod::visitSelect (104 bytes)
Event: 27.927 Thread 0x000001811c89c8d0 12072       2       com.sun.tools.javac.comp.Resolve$AbstractMethodCheck::reportMC (174 bytes)
Event: 27.928 Thread 0x0000018162314fd0 nmethod 12071 0x000001810a1b9910 code [0x000001810a1b9b20, 0x000001810a1ba0e8]
Event: 27.928 Thread 0x0000018162314fd0 12073       2       com.sun.tools.javac.util.JCDiagnostic$Factory::create (25 bytes)
Event: 27.929 Thread 0x0000018162314fd0 nmethod 12073 0x000001810a1ba510 code [0x000001810a1ba6c0, 0x000001810a1ba888]
Event: 27.929 Thread 0x000001811c89c8d0 nmethod 12072 0x000001810a1ba990 code [0x000001810a1babc0, 0x000001810a1bb3b8]
Event: 27.929 Thread 0x0000018162314fd0 12074       2       com.sun.tools.javac.comp.Resolve$MethodResolutionContext::addInapplicableCandidate (35 bytes)
Event: 27.930 Thread 0x0000018162314fd0 nmethod 12074 0x000001810a1bb890 code [0x000001810a1bba60, 0x000001810a1bbf28]
Event: 27.930 Thread 0x0000018162314fd0 12075       2       com.sun.tools.javac.jvm.Gen::checkStringConstant (56 bytes)
Event: 27.930 Thread 0x000001811c89c8d0 12076       2       com.sun.tools.javac.jvm.PoolConstant$LoadableConstant$BasicConstant::<init> (15 bytes)
Event: 27.931 Thread 0x000001811c89c8d0 nmethod 12076 0x000001810a1bc090 code [0x000001810a1bc220, 0x000001810a1bc378]
Event: 27.931 Thread 0x0000018162314fd0 nmethod 12075 0x000001810a1bc410 code [0x000001810a1bc5c0, 0x000001810a1bc808]
Event: 27.937 Thread 0x000001811c89c8d0 12078       2       com.sun.tools.javac.comp.Resolve::isAccessible (79 bytes)

GC Heap History (20 events):
Event: 1.448 GC heap before
{Heap before GC invocations=0 (full 0):
 garbage-first heap   total 262144K, used 23552K [0x00000000e0000000, 0x0000000100000000)
  region size 1024K, 23 young (23552K), 0 survivors (0K)
 Metaspace       used 5454K, committed 5632K, reserved 1114112K
  class space    used 660K, committed 768K, reserved 1048576K
}
Event: 1.459 GC heap after
{Heap after GC invocations=1 (full 0):
 garbage-first heap   total 262144K, used 3672K [0x00000000e0000000, 0x0000000100000000)
  region size 1024K, 3 young (3072K), 3 survivors (3072K)
 Metaspace       used 5454K, committed 5632K, reserved 1114112K
  class space    used 660K, committed 768K, reserved 1048576K
}
Event: 2.638 GC heap before
{Heap before GC invocations=1 (full 0):
 garbage-first heap   total 262144K, used 35416K [0x00000000e0000000, 0x0000000100000000)
  region size 1024K, 34 young (34816K), 3 survivors (3072K)
 Metaspace       used 9847K, committed 9984K, reserved 1114112K
  class space    used 1199K, committed 1280K, reserved 1048576K
}
Event: 2.645 GC heap after
{Heap after GC invocations=2 (full 0):
 garbage-first heap   total 262144K, used 5483K [0x00000000e0000000, 0x0000000100000000)
  region size 1024K, 2 young (2048K), 2 survivors (2048K)
 Metaspace       used 9847K, committed 9984K, reserved 1114112K
  class space    used 1199K, committed 1280K, reserved 1048576K
}
Event: 9.926 GC heap before
{Heap before GC invocations=2 (full 0):
 garbage-first heap   total 262144K, used 152939K [0x00000000e0000000, 0x0000000100000000)
  region size 1024K, 147 young (150528K), 2 survivors (2048K)
 Metaspace       used 21291K, committed 21504K, reserved 1114112K
  class space    used 2495K, committed 2624K, reserved 1048576K
}
Event: 10.090 GC heap after
{Heap after GC invocations=3 (full 0):
 garbage-first heap   total 262144K, used 15843K [0x00000000e0000000, 0x0000000100000000)
  region size 1024K, 12 young (12288K), 12 survivors (12288K)
 Metaspace       used 21291K, committed 21504K, reserved 1114112K
  class space    used 2495K, committed 2624K, reserved 1048576K
}
Event: 16.141 GC heap before
{Heap before GC invocations=4 (full 0):
 garbage-first heap   total 262144K, used 137699K [0x00000000e0000000, 0x0000000100000000)
  region size 1024K, 130 young (133120K), 12 survivors (12288K)
 Metaspace       used 28590K, committed 28864K, reserved 1114112K
  class space    used 3191K, committed 3328K, reserved 1048576K
}
Event: 16.179 GC heap after
{Heap after GC invocations=5 (full 0):
 garbage-first heap   total 262144K, used 36948K [0x00000000e0000000, 0x0000000100000000)
  region size 1024K, 17 young (17408K), 17 survivors (17408K)
 Metaspace       used 28590K, committed 28864K, reserved 1114112K
  class space    used 3191K, committed 3328K, reserved 1048576K
}
Event: 17.574 GC heap before
{Heap before GC invocations=5 (full 0):
 garbage-first heap   total 262144K, used 114772K [0x00000000e0000000, 0x0000000100000000)
  region size 1024K, 93 young (95232K), 17 survivors (17408K)
 Metaspace       used 29189K, committed 29504K, reserved 1114112K
  class space    used 3245K, committed 3392K, reserved 1048576K
}
Event: 17.605 GC heap after
{Heap after GC invocations=6 (full 0):
 garbage-first heap   total 262144K, used 43933K [0x00000000e0000000, 0x0000000100000000)
  region size 1024K, 6 young (6144K), 6 survivors (6144K)
 Metaspace       used 29189K, committed 29504K, reserved 1114112K
  class space    used 3245K, committed 3392K, reserved 1048576K
}
Event: 19.203 GC heap before
{Heap before GC invocations=6 (full 0):
 garbage-first heap   total 262144K, used 194461K [0x00000000e0000000, 0x0000000100000000)
  region size 1024K, 152 young (155648K), 6 survivors (6144K)
 Metaspace       used 29417K, committed 29760K, reserved 1114112K
  class space    used 3272K, committed 3456K, reserved 1048576K
}
Event: 19.226 GC heap after
{Heap after GC invocations=7 (full 0):
 garbage-first heap   total 262144K, used 48740K [0x00000000e0000000, 0x0000000100000000)
  region size 1024K, 10 young (10240K), 10 survivors (10240K)
 Metaspace       used 29417K, committed 29760K, reserved 1114112K
  class space    used 3272K, committed 3456K, reserved 1048576K
}
Event: 22.434 GC heap before
{Heap before GC invocations=7 (full 0):
 garbage-first heap   total 262144K, used 197220K [0x00000000e0000000, 0x0000000100000000)
  region size 1024K, 153 young (156672K), 10 survivors (10240K)
 Metaspace       used 35910K, committed 36352K, reserved 1114112K
  class space    used 4023K, committed 4224K, reserved 1048576K
}
Event: 22.462 GC heap after
{Heap after GC invocations=8 (full 0):
 garbage-first heap   total 262144K, used 55536K [0x00000000e0000000, 0x0000000100000000)
  region size 1024K, 16 young (16384K), 16 survivors (16384K)
 Metaspace       used 35910K, committed 36352K, reserved 1114112K
  class space    used 4023K, committed 4224K, reserved 1048576K
}
Event: 23.344 GC heap before
{Heap before GC invocations=8 (full 0):
 garbage-first heap   total 262144K, used 102640K [0x00000000e0000000, 0x0000000100000000)
  region size 1024K, 63 young (64512K), 16 survivors (16384K)
 Metaspace       used 36029K, committed 36416K, reserved 1114112K
  class space    used 4026K, committed 4224K, reserved 1048576K
}
Event: 23.376 GC heap after
{Heap after GC invocations=9 (full 0):
 garbage-first heap   total 262144K, used 58755K [0x00000000e0000000, 0x0000000100000000)
  region size 1024K, 10 young (10240K), 10 survivors (10240K)
 Metaspace       used 36029K, committed 36416K, reserved 1114112K
  class space    used 4026K, committed 4224K, reserved 1048576K
}
Event: 24.960 GC heap before
{Heap before GC invocations=10 (full 0):
 garbage-first heap   total 262144K, used 205187K [0x00000000e0000000, 0x0000000100000000)
  region size 1024K, 153 young (156672K), 10 survivors (10240K)
 Metaspace       used 36097K, committed 36480K, reserved 1114112K
  class space    used 4026K, committed 4224K, reserved 1048576K
}
Event: 24.973 GC heap after
{Heap after GC invocations=11 (full 0):
 garbage-first heap   total 262144K, used 56162K [0x00000000e0000000, 0x0000000100000000)
  region size 1024K, 8 young (8192K), 8 survivors (8192K)
 Metaspace       used 36097K, committed 36480K, reserved 1114112K
  class space    used 4026K, committed 4224K, reserved 1048576K
}
Event: 26.743 GC heap before
{Heap before GC invocations=11 (full 0):
 garbage-first heap   total 262144K, used 204642K [0x00000000e0000000, 0x0000000100000000)
  region size 1024K, 153 young (156672K), 8 survivors (8192K)
 Metaspace       used 36128K, committed 36544K, reserved 1114112K
  class space    used 4026K, committed 4224K, reserved 1048576K
}
Event: 26.759 GC heap after
{Heap after GC invocations=12 (full 0):
 garbage-first heap   total 262144K, used 58128K [0x00000000e0000000, 0x0000000100000000)
  region size 1024K, 10 young (10240K), 10 survivors (10240K)
 Metaspace       used 36128K, committed 36544K, reserved 1114112K
  class space    used 4026K, committed 4224K, reserved 1048576K
}

Deoptimization events (20 events):
Event: 27.610 Thread 0x000001817f885320 Uncommon trap: trap_request=0xffffffc6 fr.pc=0x0000018110a68304 relative=0x0000000000000f64
Event: 27.610 Thread 0x000001817f885320 Uncommon trap: reason=bimorphic_or_optimized_type_check action=maybe_recompile pc=0x0000018110a68304 method=com.sun.tools.javac.code.DeferredCompletionFailureHandler.classSymbolRemoved(Lcom/sun/tools/javac/code/Symbol$ClassSymbol;)V @ 5 c2
Event: 27.610 Thread 0x000001817f885320 DEOPT PACKING pc=0x0000018110a68304 sp=0x000000286a9f9600
Event: 27.610 Thread 0x000001817f885320 DEOPT UNPACKING pc=0x00000181100a23a3 sp=0x000000286a9f94b8 mode 2
Event: 27.611 Thread 0x000001817f885320 Uncommon trap: trap_request=0xffffffc6 fr.pc=0x0000018110906134 relative=0x0000000000000bb4
Event: 27.611 Thread 0x000001817f885320 Uncommon trap: reason=bimorphic_or_optimized_type_check action=maybe_recompile pc=0x0000018110906134 method=com.sun.tools.javac.code.DeferredCompletionFailureHandler.classSymbolRemoved(Lcom/sun/tools/javac/code/Symbol$ClassSymbol;)V @ 5 c2
Event: 27.611 Thread 0x000001817f885320 DEOPT PACKING pc=0x0000018110906134 sp=0x000000286a9f97f0
Event: 27.611 Thread 0x000001817f885320 DEOPT UNPACKING pc=0x00000181100a23a3 sp=0x000000286a9f9738 mode 2
Event: 27.612 Thread 0x000001817f885320 Uncommon trap: trap_request=0xffffffc6 fr.pc=0x0000018110afce2c relative=0x0000000000000c4c
Event: 27.612 Thread 0x000001817f885320 Uncommon trap: reason=bimorphic_or_optimized_type_check action=maybe_recompile pc=0x0000018110afce2c method=java.util.HashMap.removeNode(ILjava/lang/Object;Ljava/lang/Object;ZZ)Ljava/util/HashMap$Node; @ 143 c2
Event: 27.612 Thread 0x000001817f885320 DEOPT PACKING pc=0x0000018110afce2c sp=0x000000286a9fb360
Event: 27.612 Thread 0x000001817f885320 DEOPT UNPACKING pc=0x00000181100a23a3 sp=0x000000286a9fb2f8 mode 2
Event: 27.631 Thread 0x000001817f885320 Uncommon trap: trap_request=0xffffffc6 fr.pc=0x0000018110afce2c relative=0x0000000000000c4c
Event: 27.631 Thread 0x000001817f885320 Uncommon trap: reason=bimorphic_or_optimized_type_check action=maybe_recompile pc=0x0000018110afce2c method=java.util.HashMap.removeNode(ILjava/lang/Object;Ljava/lang/Object;ZZ)Ljava/util/HashMap$Node; @ 143 c2
Event: 27.631 Thread 0x000001817f885320 DEOPT PACKING pc=0x0000018110afce2c sp=0x000000286a9fad50
Event: 27.631 Thread 0x000001817f885320 DEOPT UNPACKING pc=0x00000181100a23a3 sp=0x000000286a9face8 mode 2
Event: 27.922 Thread 0x000001817f885320 Uncommon trap: trap_request=0xffffff45 fr.pc=0x0000018110ae0a84 relative=0x0000000000000844
Event: 27.922 Thread 0x000001817f885320 Uncommon trap: reason=unstable_if action=reinterpret pc=0x0000018110ae0a84 method=com.sun.tools.javac.code.Types$15.visitClassType(Lcom/sun/tools/javac/code/Type$ClassType;Ljava/lang/Void;)Lcom/sun/tools/javac/code/Type; @ 43 c2
Event: 27.922 Thread 0x000001817f885320 DEOPT PACKING pc=0x0000018110ae0a84 sp=0x000000286a9fc7d0
Event: 27.922 Thread 0x000001817f885320 DEOPT UNPACKING pc=0x00000181100a23a3 sp=0x000000286a9fc790 mode 2

Classes unloaded (0 events):
No events

Classes redefined (0 events):
No events

Internal exceptions (20 events):
Event: 27.787 Thread 0x000001817f885320 Exception <a 'sun/nio/fs/WindowsException'{0x00000000eb0b7f28}> (0x00000000eb0b7f28) 
thrown [s\open\src\hotspot\share\prims\jni.cpp, line 516]
Event: 27.788 Thread 0x000001817f885320 Exception <a 'sun/nio/fs/WindowsException'{0x00000000eb0b8700}> (0x00000000eb0b8700) 
thrown [s\open\src\hotspot\share\prims\jni.cpp, line 516]
Event: 27.791 Thread 0x000001817f885320 Exception <a 'sun/nio/fs/WindowsException'{0x00000000eb0c7d70}> (0x00000000eb0c7d70) 
thrown [s\open\src\hotspot\share\prims\jni.cpp, line 516]
Event: 27.791 Thread 0x000001817f885320 Exception <a 'sun/nio/fs/WindowsException'{0x00000000eb0c83f8}> (0x00000000eb0c83f8) 
thrown [s\open\src\hotspot\share\prims\jni.cpp, line 516]
Event: 27.791 Thread 0x000001817f885320 Exception <a 'sun/nio/fs/WindowsException'{0x00000000eb0c8b70}> (0x00000000eb0c8b70) 
thrown [s\open\src\hotspot\share\prims\jni.cpp, line 516]
Event: 27.800 Thread 0x000001817f885320 Exception <a 'sun/nio/fs/WindowsException'{0x00000000eaf1a280}> (0x00000000eaf1a280) 
thrown [s\open\src\hotspot\share\prims\jni.cpp, line 516]
Event: 27.801 Thread 0x000001817f885320 Exception <a 'sun/nio/fs/WindowsException'{0x00000000eaf1a920}> (0x00000000eaf1a920) 
thrown [s\open\src\hotspot\share\prims\jni.cpp, line 516]
Event: 27.801 Thread 0x000001817f885320 Exception <a 'sun/nio/fs/WindowsException'{0x00000000eaf1b0f8}> (0x00000000eaf1b0f8) 
thrown [s\open\src\hotspot\share\prims\jni.cpp, line 516]
Event: 27.807 Thread 0x000001817f885320 Exception <a 'sun/nio/fs/WindowsException'{0x00000000eaf30338}> (0x00000000eaf30338) 
thrown [s\open\src\hotspot\share\prims\jni.cpp, line 516]
Event: 27.807 Thread 0x000001817f885320 Exception <a 'sun/nio/fs/WindowsException'{0x00000000eaf309c0}> (0x00000000eaf309c0) 
thrown [s\open\src\hotspot\share\prims\jni.cpp, line 516]
Event: 27.807 Thread 0x000001817f885320 Exception <a 'sun/nio/fs/WindowsException'{0x00000000eaf31138}> (0x00000000eaf31138) 
thrown [s\open\src\hotspot\share\prims\jni.cpp, line 516]
Event: 27.841 Thread 0x000001817f885320 Exception <a 'sun/nio/fs/WindowsException'{0x00000000eafe4d68}> (0x00000000eafe4d68) 
thrown [s\open\src\hotspot\share\prims\jni.cpp, line 516]
Event: 27.841 Thread 0x000001817f885320 Exception <a 'sun/nio/fs/WindowsException'{0x00000000eafe5410}> (0x00000000eafe5410) 
thrown [s\open\src\hotspot\share\prims\jni.cpp, line 516]
Event: 27.841 Thread 0x000001817f885320 Exception <a 'sun/nio/fs/WindowsException'{0x00000000eafe5c38}> (0x00000000eafe5c38) 
thrown [s\open\src\hotspot\share\prims\jni.cpp, line 516]
Event: 27.872 Thread 0x000001817f885320 Exception <a 'sun/nio/fs/WindowsException'{0x00000000eaeeb980}> (0x00000000eaeeb980) 
thrown [s\open\src\hotspot\share\prims\jni.cpp, line 516]
Event: 27.872 Thread 0x000001817f885320 Exception <a 'sun/nio/fs/WindowsException'{0x00000000eaeec018}> (0x00000000eaeec018) 
thrown [s\open\src\hotspot\share\prims\jni.cpp, line 516]
Event: 27.872 Thread 0x000001817f885320 Exception <a 'sun/nio/fs/WindowsException'{0x00000000eaeec7e8}> (0x00000000eaeec7e8) 
thrown [s\open\src\hotspot\share\prims\jni.cpp, line 516]
Event: 27.931 Thread 0x000001817f885320 Exception <a 'sun/nio/fs/WindowsException'{0x00000000eac6f660}> (0x00000000eac6f660) 
thrown [s\open\src\hotspot\share\prims\jni.cpp, line 516]
Event: 27.931 Thread 0x000001817f885320 Exception <a 'sun/nio/fs/WindowsException'{0x00000000eac6fcf8}> (0x00000000eac6fcf8) 
thrown [s\open\src\hotspot\share\prims\jni.cpp, line 516]
Event: 27.931 Thread 0x000001817f885320 Exception <a 'sun/nio/fs/WindowsException'{0x00000000eac704c8}> (0x00000000eac704c8) 
thrown [s\open\src\hotspot\share\prims\jni.cpp, line 516]

VM Operations (20 events):
Event: 27.228 Executing VM operation: HandshakeAllThreads done
Event: 27.235 Executing VM operation: HandshakeAllThreads
Event: 27.235 Executing VM operation: HandshakeAllThreads done
Event: 27.249 Executing VM operation: HandshakeAllThreads
Event: 27.249 Executing VM operation: HandshakeAllThreads done
Event: 27.259 Executing VM operation: HandshakeAllThreads
Event: 27.259 Executing VM operation: HandshakeAllThreads done
Event: 27.317 Executing VM operation: ICBufferFull
Event: 27.317 Executing VM operation: ICBufferFull done
Event: 27.459 Executing VM operation: ICBufferFull
Event: 27.459 Executing VM operation: ICBufferFull done
Event: 27.542 Executing VM operation: ICBufferFull
Event: 27.542 Executing VM operation: ICBufferFull done
Event: 27.607 Executing VM operation: ICBufferFull
Event: 27.607 Executing VM operation: ICBufferFull done
Event: 27.814 Executing VM operation: ICBufferFull
Event: 27.815 Executing VM operation: ICBufferFull done
Event: 27.915 Executing VM operation: HandshakeAllThreads
Event: 27.915 Executing VM operation: HandshakeAllThreads done
Event: 28.929 Executing VM operation: Cleanup

Events (20 events):
Event: 27.104 loading class java/util/EnumMap$EntryIterator$Entry
Event: 27.104 loading class java/util/EnumMap$EntryIterator$Entry done
Event: 27.116 loading class java/util/function/ToIntBiFunction
Event: 27.116 loading class java/util/function/ToIntBiFunction done
Event: 27.300 loading class java/util/stream/ReduceOps$2
Event: 27.301 loading class java/util/stream/ReduceOps$2 done
Event: 27.301 loading class java/util/stream/ReduceOps$2ReducingSink
Event: 27.301 loading class java/util/stream/ReduceOps$2ReducingSink done
Event: 27.588 loading class java/util/stream/ReferencePipeline$4
Event: 27.588 loading class java/util/stream/ReferencePipeline$4 done
Event: 27.588 loading class java/util/stream/Nodes$IntFixedNodeBuilder
Event: 27.589 loading class java/util/stream/Node$Builder$OfInt
Event: 27.589 loading class java/util/stream/Node$Builder$OfInt done
Event: 27.589 loading class java/util/stream/Nodes$IntArrayNode
Event: 27.589 loading class java/util/stream/Nodes$IntArrayNode done
Event: 27.589 loading class java/util/stream/Nodes$IntFixedNodeBuilder done
Event: 27.589 loading class java/util/stream/ReferencePipeline$4$1
Event: 27.589 loading class java/util/stream/ReferencePipeline$4$1 done
Event: 27.869 loading class java/io/DataOutputStream
Event: 27.869 loading class java/io/DataOutputStream done


Dynamic libraries:
0x00007ff65fc70000 - 0x00007ff65fc80000 	C:\Program Files\Java\jdk-17\bin\java.exe
0x00007ffd0df20000 - 0x00007ffd0e187000 	C:\Windows\SYSTEM32\ntdll.dll
0x00007ffd0cf20000 - 0x00007ffd0cfe9000 	C:\Windows\System32\KERNEL32.DLL
0x00007ffd0b4a0000 - 0x00007ffd0b88f000 	C:\Windows\System32\KERNELBASE.dll
0x00007ffd0b130000 - 0x00007ffd0b27b000 	C:\Windows\System32\ucrtbase.dll
0x00007ffd05f30000 - 0x00007ffd05f49000 	C:\Program Files\Java\jdk-17\bin\jli.dll
0x00007ffcf4ac0000 - 0x00007ffcf4adb000 	C:\Program Files\Java\jdk-17\bin\VCRUNTIME140.dll
0x00007ffd0dd90000 - 0x00007ffd0de44000 	C:\Windows\System32\ADVAPI32.dll
0x00007ffd0bcc0000 - 0x00007ffd0bd69000 	C:\Windows\System32\msvcrt.dll
0x00007ffd0d980000 - 0x00007ffd0da26000 	C:\Windows\System32\sechost.dll
0x00007ffd0dc70000 - 0x00007ffd0dd88000 	C:\Windows\System32\RPCRT4.dll
0x00007ffd0bd70000 - 0x00007ffd0bf35000 	C:\Windows\System32\USER32.dll
0x00007ffd0b070000 - 0x00007ffd0b097000 	C:\Windows\System32\win32u.dll
0x00007ffd0c300000 - 0x00007ffd0c32b000 	C:\Windows\System32\GDI32.dll
0x00007ffd0b8a0000 - 0x00007ffd0b9cc000 	C:\Windows\System32\gdi32full.dll
0x00007ffcefff0000 - 0x00007ffcf0283000 	C:\Windows\WinSxS\amd64_microsoft.windows.common-controls_6595b64144ccf1df_6.0.26100.7309_none_3e05feeae336a044\COMCTL32.dll
0x00007ffd0b9d0000 - 0x00007ffd0ba73000 	C:\Windows\System32\msvcp_win.dll
0x00007ffd03a20000 - 0x00007ffd03a2b000 	C:\Windows\SYSTEM32\VERSION.dll
0x00007ffd0dc30000 - 0x00007ffd0dc61000 	C:\Windows\System32\IMM32.DLL
0x00007ffd06020000 - 0x00007ffd0602c000 	C:\Program Files\Java\jdk-17\bin\vcruntime140_1.dll
0x00007ffcab680000 - 0x00007ffcab70e000 	C:\Program Files\Java\jdk-17\bin\msvcp140.dll
0x00007ffc4f4c0000 - 0x00007ffc500a0000 	C:\Program Files\Java\jdk-17\bin\server\jvm.dll
0x00007ffd0c2f0000 - 0x00007ffd0c2f8000 	C:\Windows\System32\PSAPI.DLL
0x00007ffd023f0000 - 0x00007ffd02425000 	C:\Windows\SYSTEM32\WINMM.dll
0x00007ffcebec0000 - 0x00007ffcebeca000 	C:\Windows\SYSTEM32\WSOCK32.dll
0x00007ffd0cbc0000 - 0x00007ffd0cc34000 	C:\Windows\System32\WS2_32.dll
0x00007ffd09e20000 - 0x00007ffd09e3b000 	C:\Windows\SYSTEM32\kernel.appcore.dll
0x00007ffcf56d0000 - 0x00007ffcf56da000 	C:\Program Files\Java\jdk-17\bin\jimage.dll
0x00007ffd087f0000 - 0x00007ffd08a32000 	C:\Windows\SYSTEM32\DBGHELP.DLL
0x00007ffd0c830000 - 0x00007ffd0cbb5000 	C:\Windows\System32\combase.dll
0x00007ffd0cc70000 - 0x00007ffd0cd46000 	C:\Windows\System32\OLEAUT32.dll
0x00007ffcef770000 - 0x00007ffcef7ac000 	C:\Windows\SYSTEM32\dbgcore.DLL
0x00007ffd0b3f0000 - 0x00007ffd0b495000 	C:\Windows\System32\bcryptPrimitives.dll
0x00007ffcaccc0000 - 0x00007ffcacce5000 	C:\Program Files\Java\jdk-17\bin\java.dll
0x00007ffcab5a0000 - 0x00007ffcab677000 	C:\Program Files\Java\jdk-17\bin\jsvml.dll
0x00007ffd0d010000 - 0x00007ffd0d763000 	C:\Windows\System32\SHELL32.dll
0x00007ffd0b280000 - 0x00007ffd0b3ea000 	C:\Windows\System32\wintypes.dll
0x00007ffd08c70000 - 0x00007ffd094ce000 	C:\Windows\SYSTEM32\windows.storage.dll
0x00007ffd0c1a0000 - 0x00007ffd0c295000 	C:\Windows\System32\SHCORE.dll
0x00007ffd0d770000 - 0x00007ffd0d7d6000 	C:\Windows\System32\shlwapi.dll
0x00007ffd0af90000 - 0x00007ffd0afb9000 	C:\Windows\SYSTEM32\profapi.dll
0x00007ffcf4a80000 - 0x00007ffcf4a99000 	C:\Program Files\Java\jdk-17\bin\net.dll
0x00007ffd03640000 - 0x00007ffd03768000 	C:\Windows\SYSTEM32\WINHTTP.dll
0x00007ffd0a390000 - 0x00007ffd0a3fb000 	C:\Windows\system32\mswsock.dll
0x00007ffcd1e10000 - 0x00007ffcd1e26000 	C:\Program Files\Java\jdk-17\bin\nio.dll
0x00007ffcd1ce0000 - 0x00007ffcd1cf8000 	C:\Program Files\Java\jdk-17\bin\zip.dll
0x00007ffcab570000 - 0x00007ffcab594000 	E:\Mvn\apache-maven-3.9.11\lib\jansi-native\Windows\x86_64\jansi.dll
0x00007ffcf4720000 - 0x00007ffcf4730000 	C:\Program Files\Java\jdk-17\bin\verify.dll

dbghelp: loaded successfully - version: 4.0.5 - missing functions: none
symbol engine: initialized successfully - sym options: 0x614 - pdb path: .;C:\Program Files\Java\jdk-17\bin;C:\Windows\SYSTEM32;C:\Windows\WinSxS\amd64_microsoft.windows.common-controls_6595b64144ccf1df_6.0.26100.7309_none_3e05feeae336a044;C:\Program Files\Java\jdk-17\bin\server;E:\Mvn\apache-maven-3.9.11\lib\jansi-native\Windows\x86_64

VM Arguments:
jvm_args: --enable-native-access=ALL-UNNAMED -Xmx512m -Xms256m -Dclassworlds.conf=E:\Mvn\apache-maven-3.9.11\bin\m2.conf -Dmaven.home=E:\Mvn\apache-maven-3.9.11 -Dlibrary.jansi.path=E:\Mvn\apache-maven-3.9.11\lib\jansi-native -Dmaven.multiModuleProjectDirectory=E:\Unolo\attendance-backend 
java_command: org.codehaus.plexus.classworlds.launcher.Launcher spring-boot:run
java_class_path (initial): E:\Mvn\apache-maven-3.9.11\boot\plexus-classworlds-2.9.0.jar
Launcher Type: SUN_STANDARD

[Global flags]
     intx CICompilerCount                          = 12                                        {product} {ergonomic}
     uint ConcGCThreads                            = 3                                         {product} {ergonomic}
     uint G1ConcRefinementThreads                  = 13                                        {product} {ergonomic}
   size_t G1HeapRegionSize                         = 1048576                                   {product} {ergonomic}
    uintx GCDrainStackTargetSize                   = 64                                        {product} {ergonomic}
   size_t InitialHeapSize                          = 268435456                                 {product} {command line}
   size_t MarkStackSize                            = 4194304                                   {product} {ergonomic}
   size_t MaxHeapSize                              = 536870912                                 {product} {command line}
   size_t MaxNewSize                               = 321912832                                 {product} {ergonomic}
   size_t MinHeapDeltaBytes                        = 1048576                                   {product} {ergonomic}
   size_t MinHeapSize                              = 268435456                                 {product} {command line}
    uintx NonNMethodCodeHeapSize                   = 7602480                                {pd product} {ergonomic}
    uintx NonProfiledCodeHeapSize                  = 122027880                              {pd product} {ergonomic}
    uintx ProfiledCodeHeapSize                     = 122027880                              {pd product} {ergonomic}
    uintx ReservedCodeCacheSize                    = 251658240                              {pd product} {ergonomic}
     bool SegmentedCodeCache                       = true                                      {product} {ergonomic}
   size_t SoftMaxHeapSize                          = 536870912                              {manageable} {ergonomic}
     bool UseCompressedClassPointers               = true                           {product lp64_product} {ergonomic}
     bool UseCompressedOops                        = true                           {product lp64_product} {ergonomic}
     bool UseG1GC                                  = true                                      {product} {ergonomic}
     bool UseLargePagesIndividualAllocation        = false                                  {pd product} {ergonomic}

Logging:
Log output configuration:
 #0: stdout all=warning uptime,level,tags
 #1: stderr all=off uptime,level,tags

Environment Variables:
PATH=C:\Python314\Scripts\;C:\Python314\;C:\Python313\Scripts\;C:\Python313\;C:\Program Files\Common Files\Oracle\Java\javapath;C:\Windows\system32;C:\Windows;C:\Windows\System32\Wbem;C:\Windows\System32\WindowsPowerShell\v1.0\;C:\Windows\System32\OpenSSH\;E:\Vs Code\Microsoft VS Code\bin;C:\ProgramData\chocolatey\bin;E:\Github\Git\cmd;C:\Program Files\nodejs\;C:\Program Files\MySQL\MySQL Shell 8.0\bin\;C:\Users\arbaj\AppData\Local\Microsoft\WindowsApps;E:\Windsurf\Windsurf\bin;E:\Cursor\cursor\resources\app\bin;E:\Ngrok;E:\Ngrok;E:\Ngrok;C:\Program Files\PostgreSQL\17\bin;C:\Users\arbaj\AppData\Local\Android\Sdk;C:\Users\arbaj\AppData\Local\Android\Sdk\platform-tools;C:\Users\arbaj\AppData\Local\Android\Sdk\emulator;C:\Users\arbaj\AppData\Local\Android\Sdk\tools;C:\Users\arbaj\AppData\Local\Android\Sdk\tools\bin;C:\Android\cmdline-tools\latest\bin;C:\Android\platform-tools;C:\Android\emulator;E:\Mvn\apache-maven-3.9.11\bin;C:\Users\arbaj\AppData\Local\Programs\Qoder\bin;E:\Flutter\flutter\bin;E:\Flutter\flutter\;C:\Users\arbaj\Downloads\mysql-5.7.44-winx64\mysql-5.7.44-winx64\bin;C:\Users\arbaj\AppData\Roaming\npm;C:\Users\arbaj\AppData\Local\Programs\Kiro\bin;c:\Users\arbaj\.windsurf\extensions\vscjava.vscode-java-debug-0.58.4-universal\bundled\scripts\noConfigScripts
USERNAME=arbaj
LANG=en_US.UTF-8
OS=Windows_NT
PROCESSOR_IDENTIFIER=AMD64 Family 23 Model 104 Stepping 1, AuthenticAMD



---------------  S Y S T E M  ---------------

OS:
 Windows 11 , 64 bit Build 26100 (10.0.26100.7309)
OS uptime: 1 days 21:14 hours
Hyper-V role detected

CPU: total 16 (initial active 16) (16 cores per cpu, 2 threads per core) family 23 model 104 stepping 1 microcode 0x8608104, cx8, cmov, fxsr, ht, mmx, 3dnowpref, sse, sse2, sse3, ssse3, sse4a, sse4.1, sse4.2, popcnt, lzcnt, tsc, tscinvbit, avx, avx2, aes, clmul, bmi1, bmi2, adx, sha, fma, vzeroupper, clflush, clflushopt, hv

Memory: 4k page, system-wide physical 7501M (6M free)
TotalPageFile size 30029M (AvailPageFile size 5M)
current process WorkingSet (physical memory assigned to process): 280M, peak: 332M
current process commit charge ("private bytes"): 450M, peak: 457M

vm_info: Java HotSpot(TM) 64-Bit Server VM (17.0.12+8-LTS-286) for windows-amd64 JRE (17.0.12+8-LTS-286), built on Jun  5 2024 06:46:59 by "mach5one" with MS VC++ 17.6 (VS2022)

END.
