#
# There is insufficient memory for the Java Runtime Environment to continue.
# Native memory allocation (mmap) failed to map 38797312 bytes for G1 virtual space
# Possible reasons:
#   The system is out of physical RAM or swap space
#   The process is running with CompressedOops enabled, and the Java Heap may be blocking the growth of the native heap
# Possible solutions:
#   Reduce memory load on the system
#   Increase physical memory or swap space
#   Check if swap backing store is full
#   Decrease Java heap size (-Xmx/-Xms)
#   Decrease number of Java threads
#   Decrease Java thread stack sizes (-Xss)
#   Set larger code cache with -XX:ReservedCodeCacheSize=
#   JVM is running with Unscaled Compressed Oops mode in which the Java heap is
#     placed in the first 4GB address space. The Java Heap base address is the
#     maximum limit for the native heap growth. Please use -XX:HeapBaseMinAddress
#     to set the Java Heap base and to place the Java Heap above 4GB virtual address.
# This output file may be truncated or incomplete.
#
#  Out of Memory Error (os_windows.cpp:3548), pid=10584, tid=33952
#
# JRE version: Java(TM) SE Runtime Environment (17.0.12+8) (build 17.0.12+8-LTS-286)
# Java VM: Java HotSpot(TM) 64-Bit Server VM (17.0.12+8-LTS-286, mixed mode, sharing, tiered, compressed oops, compressed class ptrs, g1 gc, windows-amd64)
# No core dump will be written. Minidumps are not enabled by default on client versions of Windows
#

---------------  S U M M A R Y ------------

Command Line: --enable-native-access=ALL-UNNAMED -Dclassworlds.conf=E:\Mvn\apache-maven-3.9.11\bin\m2.conf -Dmaven.home=E:\Mvn\apache-maven-3.9.11 -Dlibrary.jansi.path=E:\Mvn\apache-maven-3.9.11\lib\jansi-native -Dmaven.multiModuleProjectDirectory=E:\Unolo\attendance-backend org.codehaus.plexus.classworlds.launcher.Launcher spring-boot:run

Host: AMD Ryzen 7 5700U with Radeon Graphics         , 16 cores, 7G,  Windows 11 , 64 bit Build 26100 (10.0.26100.7309)
Time: Tue Dec 30 18:25:33 2025 India Standard Time elapsed time: 35.351193 seconds (0d 0h 0m 35s)

---------------  T H R E A D  ---------------

Current thread (0x00000203f3b1b370):  VMThread "VM Thread" [stack: 0x000000162dd00000,0x000000162de00000] [id=33952]

Stack: [0x000000162dd00000,0x000000162de00000]
Native frames: (J=compiled Java code, j=interpreted, Vv=VM code, C=native code)
V  [jvm.dll+0x67a04a]
V  [jvm.dll+0x7da4ed]
V  [jvm.dll+0x7dbe33]
V  [jvm.dll+0x7dc4a3]
V  [jvm.dll+0x24508f]
V  [jvm.dll+0x677089]
V  [jvm.dll+0x66bd32]
V  [jvm.dll+0x301fa6]
V  [jvm.dll+0x309546]
V  [jvm.dll+0x359d2e]
V  [jvm.dll+0x359f5f]
V  [jvm.dll+0x2d9078]
V  [jvm.dll+0x2d74ad]
V  [jvm.dll+0x2d6afc]
V  [jvm.dll+0x31a65b]
V  [jvm.dll+0x7e0d9b]
V  [jvm.dll+0x7e1ad4]
V  [jvm.dll+0x7e1fed]
V  [jvm.dll+0x7e23c4]
V  [jvm.dll+0x7e2490]
V  [jvm.dll+0x78abea]
V  [jvm.dll+0x678f35]
C  [ucrtbase.dll+0x37b0]
C  [KERNEL32.DLL+0x2e8d7]
C  [ntdll.dll+0x8c53c]

VM_Operation (0x000000162d7f8fb0): G1CollectForAllocation, mode: safepoint, requested by thread 0x00000203d3483f00


---------------  P R O C E S S  ---------------

Threads class SMR info:
_java_thread_list=0x00000203f86fd210, length=17, elements={
0x00000203d3483f00, 0x00000203f3b1f880, 0x00000203f3b22dc0, 0x00000203f3b395a0,
0x00000203f3b39e70, 0x00000203f3b3ac40, 0x00000203f3b3c380, 0x00000203f3b468d0,
0x00000203f3b48bb0, 0x00000203f3b55de0, 0x00000203f80c6cf0, 0x00000203f81027b0,
0x00000203f8110ae0, 0x00000203f8f3b670, 0x00000203f88a2780, 0x00000203f8627310,
0x00000203f80f9c10
}

Java Threads: ( => current thread )
  0x00000203d3483f00 JavaThread "main" [_thread_blocked, id=33860, stack(0x000000162d700000,0x000000162d800000)]
  0x00000203f3b1f880 JavaThread "Reference Handler" daemon [_thread_blocked, id=3520, stack(0x000000162de00000,0x000000162df00000)]
  0x00000203f3b22dc0 JavaThread "Finalizer" daemon [_thread_blocked, id=24980, stack(0x000000162df00000,0x000000162e000000)]
  0x00000203f3b395a0 JavaThread "Signal Dispatcher" daemon [_thread_blocked, id=34708, stack(0x000000162e000000,0x000000162e100000)]
  0x00000203f3b39e70 JavaThread "Attach Listener" daemon [_thread_blocked, id=27452, stack(0x000000162e100000,0x000000162e200000)]
  0x00000203f3b3ac40 JavaThread "Service Thread" daemon [_thread_blocked, id=7304, stack(0x000000162e200000,0x000000162e300000)]
  0x00000203f3b3c380 JavaThread "Monitor Deflation Thread" daemon [_thread_blocked, id=24764, stack(0x000000162e300000,0x000000162e400000)]
  0x00000203f3b468d0 JavaThread "C2 CompilerThread0" daemon [_thread_blocked, id=24952, stack(0x000000162e400000,0x000000162e500000)]
  0x00000203f3b48bb0 JavaThread "C1 CompilerThread0" daemon [_thread_blocked, id=20780, stack(0x000000162e500000,0x000000162e600000)]
  0x00000203f3b55de0 JavaThread "Sweeper thread" daemon [_thread_blocked, id=33528, stack(0x000000162e600000,0x000000162e700000)]
  0x00000203f80c6cf0 JavaThread "C1 CompilerThread1" daemon [_thread_blocked, id=10400, stack(0x000000162e700000,0x000000162e800000)]
  0x00000203f81027b0 JavaThread "Notification Thread" daemon [_thread_blocked, id=20144, stack(0x000000162e900000,0x000000162ea00000)]
  0x00000203f8110ae0 JavaThread "Common-Cleaner" daemon [_thread_blocked, id=23468, stack(0x000000162eb00000,0x000000162ec00000)]
  0x00000203f8f3b670 JavaThread "Thread-1" daemon [_thread_blocked, id=33292, stack(0x000000162f400000,0x000000162f500000)]
  0x00000203f88a2780 JavaThread "C2 CompilerThread1" daemon [_thread_blocked, id=15000, stack(0x000000162fa00000,0x000000162fb00000)]
  0x00000203f8627310 JavaThread "C1 CompilerThread2" daemon [_thread_blocked, id=30080, stack(0x000000162fb00000,0x000000162fc00000)]
  0x00000203f80f9c10 JavaThread "C1 CompilerThread3" daemon [_thread_blocked, id=26244, stack(0x000000162fc00000,0x000000162fd00000)]

Other Threads:
=>0x00000203f3b1b370 VMThread "VM Thread" [stack: 0x000000162dd00000,0x000000162de00000] [id=33952]
  0x00000203f8105fb0 WatcherThread [stack: 0x000000162ea00000,0x000000162eb00000] [id=6292]
  0x00000203d34dc8d0 GCTaskThread "GC Thread#0" [stack: 0x000000162d800000,0x000000162d900000] [id=11420]
  0x00000203f8ac3300 GCTaskThread "GC Thread#1" [stack: 0x000000162ec00000,0x000000162ed00000] [id=26352]
  0x00000203f8aa4f40 GCTaskThread "GC Thread#2" [stack: 0x000000162ed00000,0x000000162ee00000] [id=32156]
  0x00000203f8aa5200 GCTaskThread "GC Thread#3" [stack: 0x000000162ee00000,0x000000162ef00000] [id=28752]
  0x00000203f8aa58d0 GCTaskThread "GC Thread#4" [stack: 0x000000162ef00000,0x000000162f000000] [id=26760]
  0x00000203f8aa5b90 GCTaskThread "GC Thread#5" [stack: 0x000000162f000000,0x000000162f100000] [id=24360]
  0x00000203f8aa5e50 GCTaskThread "GC Thread#6" [stack: 0x000000162f100000,0x000000162f200000] [id=28816]
  0x00000203f8d8d870 GCTaskThread "GC Thread#7" [stack: 0x000000162f200000,0x000000162f300000] [id=25368]
  0x00000203f8d7f380 GCTaskThread "GC Thread#8" [stack: 0x000000162f300000,0x000000162f400000] [id=23672]
  0x00000203f8744aa0 GCTaskThread "GC Thread#9" [stack: 0x000000162f500000,0x000000162f600000] [id=31132]
  0x00000203f957e260 GCTaskThread "GC Thread#10" [stack: 0x000000162f600000,0x000000162f700000] [id=21016]
  0x00000203f9149df0 GCTaskThread "GC Thread#11" [stack: 0x000000162f700000,0x000000162f800000] [id=28984]
  0x00000203f9149b30 GCTaskThread "GC Thread#12" [stack: 0x000000162f800000,0x000000162f900000] [id=33492]
  0x00000203d34ec2a0 ConcurrentGCThread "G1 Main Marker" [stack: 0x000000162d900000,0x000000162da00000] [id=30172]
  0x00000203d34ee120 ConcurrentGCThread "G1 Conc#0" [stack: 0x000000162da00000,0x000000162db00000] [id=15056]
  0x00000203f91495b0 ConcurrentGCThread "G1 Conc#1" [stack: 0x000000162e800000,0x000000162e900000] [id=33464]
  0x00000203f9f80780 ConcurrentGCThread "G1 Conc#2" [stack: 0x000000162f900000,0x000000162fa00000] [id=3312]
  0x00000203f39d60f0 ConcurrentGCThread "G1 Refine#0" [stack: 0x000000162db00000,0x000000162dc00000] [id=26464]
  0x00000203fa850bc0 ConcurrentGCThread "G1 Refine#1" [stack: 0x000000162fd00000,0x000000162fe00000] [id=26384]
  0x00000203fb8cefe0 ConcurrentGCThread "G1 Refine#2" [stack: 0x000000162fe00000,0x000000162ff00000] [id=33204]
  0x00000203fb8cf2d0 ConcurrentGCThread "G1 Refine#3" [stack: 0x000000162ff00000,0x0000001630000000] [id=14244]
  0x00000203fa406aa0 ConcurrentGCThread "G1 Refine#4" [stack: 0x0000001630000000,0x0000001630100000] [id=33684]
  0x00000203f39d87e0 ConcurrentGCThread "G1 Service" [stack: 0x000000162dc00000,0x000000162dd00000] [id=34620]

Threads with active compile tasks:
C2 CompilerThread0    35414 10524       4       com.sun.tools.javac.comp.Resolve::isAccessible (394 bytes)
C2 CompilerThread1    35414 11660   !   4       com.sun.tools.javac.code.Types$12::visitClassType (229 bytes)

VM state: at safepoint (normal execution)

VM Mutex/Monitor currently owned by a thread:  ([mutex/lock_event])
[0x00000203d3480a50] Threads_lock - owner thread: 0x00000203f3b1b370
[0x00000203d3480c00] Heap_lock - owner thread: 0x00000203d3483f00

Heap address: 0x000000008ac00000, size: 1876 MB, Compressed Oops mode: 32-bit

CDS archive(s) mapped at: [0x0000020380000000-0x0000020380bd0000-0x0000020380bd0000), size 12386304, SharedBaseAddress: 0x0000020380000000, ArchiveRelocationMode: 1.
Compressed class space mapped at: 0x0000020381000000-0x00000203c1000000, reserved size: 1073741824
Narrow klass base: 0x0000020380000000, Narrow klass shift: 0, Narrow klass range: 0x100000000

GC Precious Log:
 CPUs: 16 total, 16 available
 Memory: 7501M
 Large Page Support: Disabled
 NUMA Support: Disabled
 Compressed Oops: Enabled (32-bit)
 Heap Region Size: 1M
 Heap Min Capacity: 8M
 Heap Initial Capacity: 118M
 Heap Max Capacity: 1876M
 Pre-touch: Disabled
 Parallel Workers: 13
 Concurrent Workers: 3
 Concurrent Refinement Workers: 13
 Periodic GC: Disabled

Heap:
 garbage-first heap   total 187392K, used 61689K [0x000000008ac00000, 0x0000000100000000)
  region size 1024K, 5 young (5120K), 5 survivors (5120K)
 Metaspace       used 38243K, committed 38592K, reserved 1114112K
  class space    used 4246K, committed 4416K, reserved 1048576K

Heap Regions: E=young(eden), S=young(survivor), O=old, HS=humongous(starts), HC=humongous(continues), CS=collection set, F=free, OA=open archive, CA=closed archive, TAMS=top-at-mark-start (previous, next)
|   0|0x000000008ac00000, 0x000000008ad00000, 0x000000008ad00000|100%| O|  |TAMS 0x000000008ad00000, 0x000000008ac00000| Untracked 
|   1|0x000000008ad00000, 0x000000008ae00000, 0x000000008ae00000|100%| O|  |TAMS 0x000000008ae00000, 0x000000008ad00000| Untracked 
|   2|0x000000008ae00000, 0x000000008af00000, 0x000000008af00000|100%| O|  |TAMS 0x000000008af00000, 0x000000008ae00000| Untracked 
|   3|0x000000008af00000, 0x000000008b000000, 0x000000008b000000|100%| O|  |TAMS 0x000000008b000000, 0x000000008af00000| Untracked 
|   4|0x000000008b000000, 0x000000008b100000, 0x000000008b100000|100%| O|  |TAMS 0x000000008b100000, 0x000000008b000000| Untracked 
|   5|0x000000008b100000, 0x000000008b200000, 0x000000008b200000|100%| O|  |TAMS 0x000000008b200000, 0x000000008b100000| Untracked 
|   6|0x000000008b200000, 0x000000008b300000, 0x000000008b300000|100%| O|  |TAMS 0x000000008b300000, 0x000000008b200000| Untracked 
|   7|0x000000008b300000, 0x000000008b400000, 0x000000008b400000|100%| O|  |TAMS 0x000000008b400000, 0x000000008b300000| Untracked 
|   8|0x000000008b400000, 0x000000008b500000, 0x000000008b500000|100%| O|  |TAMS 0x000000008b500000, 0x000000008b400000| Untracked 
|   9|0x000000008b500000, 0x000000008b600000, 0x000000008b600000|100%| O|  |TAMS 0x000000008b600000, 0x000000008b500000| Untracked 
|  10|0x000000008b600000, 0x000000008b700000, 0x000000008b700000|100%| O|  |TAMS 0x000000008b700000, 0x000000008b600000| Untracked 
|  11|0x000000008b700000, 0x000000008b800000, 0x000000008b800000|100%|HS|  |TAMS 0x000000008b800000, 0x000000008b700000| Complete 
|  12|0x000000008b800000, 0x000000008b900000, 0x000000008b900000|100%| O|  |TAMS 0x000000008b900000, 0x000000008b800000| Untracked 
|  13|0x000000008b900000, 0x000000008ba00000, 0x000000008ba00000|100%| O|  |TAMS 0x000000008ba00000, 0x000000008b900000| Untracked 
|  14|0x000000008ba00000, 0x000000008bb00000, 0x000000008bb00000|100%| O|  |TAMS 0x000000008bb00000, 0x000000008ba00000| Untracked 
|  15|0x000000008bb00000, 0x000000008bc00000, 0x000000008bc00000|100%| O|  |TAMS 0x000000008bc00000, 0x000000008bb00000| Untracked 
|  16|0x000000008bc00000, 0x000000008bd00000, 0x000000008bd00000|100%| O|  |TAMS 0x000000008bd00000, 0x000000008bc00000| Untracked 
|  17|0x000000008bd00000, 0x000000008be00000, 0x000000008be00000|100%| O|  |TAMS 0x000000008be00000, 0x000000008bd00000| Untracked 
|  18|0x000000008be00000, 0x000000008bf00000, 0x000000008bf00000|100%| O|  |TAMS 0x000000008bf00000, 0x000000008be00000| Untracked 
|  19|0x000000008bf00000, 0x000000008c000000, 0x000000008c000000|100%| O|  |TAMS 0x000000008c000000, 0x000000008bf00000| Untracked 
|  20|0x000000008c000000, 0x000000008c100000, 0x000000008c100000|100%| O|  |TAMS 0x000000008c100000, 0x000000008c000000| Untracked 
|  21|0x000000008c100000, 0x000000008c200000, 0x000000008c200000|100%| O|  |TAMS 0x000000008c200000, 0x000000008c100000| Untracked 
|  22|0x000000008c200000, 0x000000008c300000, 0x000000008c300000|100%| O|  |TAMS 0x000000008c300000, 0x000000008c200000| Untracked 
|  23|0x000000008c300000, 0x000000008c400000, 0x000000008c400000|100%| O|  |TAMS 0x000000008c400000, 0x000000008c300000| Untracked 
|  24|0x000000008c400000, 0x000000008c500000, 0x000000008c500000|100%| O|  |TAMS 0x000000008c500000, 0x000000008c400000| Untracked 
|  25|0x000000008c500000, 0x000000008c600000, 0x000000008c600000|100%| O|  |TAMS 0x000000008c600000, 0x000000008c500000| Untracked 
|  26|0x000000008c600000, 0x000000008c700000, 0x000000008c700000|100%| O|  |TAMS 0x000000008c700000, 0x000000008c600000| Untracked 
|  27|0x000000008c700000, 0x000000008c800000, 0x000000008c800000|100%| O|  |TAMS 0x000000008c800000, 0x000000008c700000| Untracked 
|  28|0x000000008c800000, 0x000000008c900000, 0x000000008c900000|100%| O|  |TAMS 0x000000008c900000, 0x000000008c800000| Untracked 
|  29|0x000000008c900000, 0x000000008ca00000, 0x000000008ca00000|100%| O|  |TAMS 0x000000008ca00000, 0x000000008c900000| Untracked 
|  30|0x000000008ca00000, 0x000000008cb00000, 0x000000008cb00000|100%| O|  |TAMS 0x000000008cb00000, 0x000000008ca00000| Untracked 
|  31|0x000000008cb00000, 0x000000008cc00000, 0x000000008cc00000|100%| O|  |TAMS 0x000000008cc00000, 0x000000008cb00000| Untracked 
|  32|0x000000008cc00000, 0x000000008cd00000, 0x000000008cd00000|100%| O|  |TAMS 0x000000008cd00000, 0x000000008cc00000| Untracked 
|  33|0x000000008cd00000, 0x000000008ce00000, 0x000000008ce00000|100%| O|  |TAMS 0x000000008ce00000, 0x000000008cd00000| Untracked 
|  34|0x000000008ce00000, 0x000000008cf00000, 0x000000008cf00000|100%| O|  |TAMS 0x000000008cf00000, 0x000000008ce00000| Untracked 
|  35|0x000000008cf00000, 0x000000008d000000, 0x000000008d000000|100%| O|  |TAMS 0x000000008d000000, 0x000000008cf00000| Untracked 
|  36|0x000000008d000000, 0x000000008d100000, 0x000000008d100000|100%| O|  |TAMS 0x000000008d100000, 0x000000008d000000| Untracked 
|  37|0x000000008d100000, 0x000000008d200000, 0x000000008d200000|100%|HS|  |TAMS 0x000000008d200000, 0x000000008d100000| Complete 
|  38|0x000000008d200000, 0x000000008d300000, 0x000000008d300000|100%| O|  |TAMS 0x000000008d300000, 0x000000008d200000| Untracked 
|  39|0x000000008d300000, 0x000000008d400000, 0x000000008d400000|100%| O|  |TAMS 0x000000008d400000, 0x000000008d300000| Untracked 
|  40|0x000000008d400000, 0x000000008d500000, 0x000000008d500000|100%|HS|  |TAMS 0x000000008d500000, 0x000000008d400000| Complete 
|  41|0x000000008d500000, 0x000000008d600000, 0x000000008d600000|100%|HC|  |TAMS 0x000000008d600000, 0x000000008d500000| Complete 
|  42|0x000000008d600000, 0x000000008d700000, 0x000000008d700000|100%| O|  |TAMS 0x000000008d700000, 0x000000008d600000| Untracked 
|  43|0x000000008d700000, 0x000000008d800000, 0x000000008d800000|100%| O|  |TAMS 0x000000008d800000, 0x000000008d700000| Untracked 
|  44|0x000000008d800000, 0x000000008d900000, 0x000000008d900000|100%| O|  |TAMS 0x000000008d900000, 0x000000008d800000| Untracked 
|  45|0x000000008d900000, 0x000000008da00000, 0x000000008da00000|100%| O|  |TAMS 0x000000008da00000, 0x000000008d900000| Untracked 
|  46|0x000000008da00000, 0x000000008db00000, 0x000000008db00000|100%| O|  |TAMS 0x000000008da93400, 0x000000008da00000| Untracked 
|  47|0x000000008db00000, 0x000000008dc00000, 0x000000008dc00000|100%| O|  |TAMS 0x000000008db00000, 0x000000008db00000| Untracked 
|  48|0x000000008dc00000, 0x000000008dd00000, 0x000000008dd00000|100%| O|  |TAMS 0x000000008dc00000, 0x000000008dc00000| Untracked 
|  49|0x000000008dd00000, 0x000000008de00000, 0x000000008de00000|100%| O|  |TAMS 0x000000008dd00000, 0x000000008dd00000| Untracked 
|  50|0x000000008de00000, 0x000000008df00000, 0x000000008df00000|100%| O|  |TAMS 0x000000008de00000, 0x000000008de00000| Untracked 
|  51|0x000000008df00000, 0x000000008e000000, 0x000000008e000000|100%| O|  |TAMS 0x000000008df00000, 0x000000008df00000| Untracked 
|  52|0x000000008e000000, 0x000000008e03e600, 0x000000008e100000| 24%| O|  |TAMS 0x000000008e000000, 0x000000008e000000| Untracked 
|  53|0x000000008e100000, 0x000000008e100000, 0x000000008e200000|  0%| F|  |TAMS 0x000000008e100000, 0x000000008e100000| Untracked 
|  54|0x000000008e200000, 0x000000008e200000, 0x000000008e300000|  0%| F|  |TAMS 0x000000008e200000, 0x000000008e200000| Untracked 
|  55|0x000000008e300000, 0x000000008e300000, 0x000000008e400000|  0%| F|  |TAMS 0x000000008e300000, 0x000000008e300000| Untracked 
|  56|0x000000008e400000, 0x000000008e400000, 0x000000008e500000|  0%| F|  |TAMS 0x000000008e400000, 0x000000008e400000| Untracked 
|  57|0x000000008e500000, 0x000000008e500000, 0x000000008e600000|  0%| F|  |TAMS 0x000000008e500000, 0x000000008e500000| Untracked 
|  58|0x000000008e600000, 0x000000008e600000, 0x000000008e700000|  0%| F|  |TAMS 0x000000008e600000, 0x000000008e600000| Untracked 
|  59|0x000000008e700000, 0x000000008e700000, 0x000000008e800000|  0%| F|  |TAMS 0x000000008e700000, 0x000000008e700000| Untracked 
|  60|0x000000008e800000, 0x000000008e800000, 0x000000008e900000|  0%| F|  |TAMS 0x000000008e800000, 0x000000008e800000| Untracked 
|  61|0x000000008e900000, 0x000000008e900000, 0x000000008ea00000|  0%| F|  |TAMS 0x000000008e900000, 0x000000008e900000| Untracked 
|  62|0x000000008ea00000, 0x000000008ea00000, 0x000000008eb00000|  0%| F|  |TAMS 0x000000008ea00000, 0x000000008ea00000| Untracked 
|  63|0x000000008eb00000, 0x000000008eb00000, 0x000000008ec00000|  0%| F|  |TAMS 0x000000008eb00000, 0x000000008eb00000| Untracked 
|  64|0x000000008ec00000, 0x000000008ec00000, 0x000000008ed00000|  0%| F|  |TAMS 0x000000008ec00000, 0x000000008ec00000| Untracked 
|  65|0x000000008ed00000, 0x000000008ed00000, 0x000000008ee00000|  0%| F|  |TAMS 0x000000008ed00000, 0x000000008ed00000| Untracked 
|  66|0x000000008ee00000, 0x000000008ee00000, 0x000000008ef00000|  0%| F|  |TAMS 0x000000008ee00000, 0x000000008ee00000| Untracked 
|  67|0x000000008ef00000, 0x000000008ef00000, 0x000000008f000000|  0%| F|  |TAMS 0x000000008ef00000, 0x000000008ef00000| Untracked 
|  68|0x000000008f000000, 0x000000008f000000, 0x000000008f100000|  0%| F|  |TAMS 0x000000008f000000, 0x000000008f000000| Untracked 
|  69|0x000000008f100000, 0x000000008f100000, 0x000000008f200000|  0%| F|  |TAMS 0x000000008f100000, 0x000000008f100000| Untracked 
|  70|0x000000008f200000, 0x000000008f200000, 0x000000008f300000|  0%| F|  |TAMS 0x000000008f200000, 0x000000008f200000| Untracked 
|  71|0x000000008f300000, 0x000000008f300000, 0x000000008f400000|  0%| F|  |TAMS 0x000000008f300000, 0x000000008f300000| Untracked 
|  72|0x000000008f400000, 0x000000008f400000, 0x000000008f500000|  0%| F|  |TAMS 0x000000008f400000, 0x000000008f400000| Untracked 
|  73|0x000000008f500000, 0x000000008f500000, 0x000000008f600000|  0%| F|  |TAMS 0x000000008f500000, 0x000000008f500000| Untracked 
|  74|0x000000008f600000, 0x000000008f600000, 0x000000008f700000|  0%| F|  |TAMS 0x000000008f600000, 0x000000008f600000| Untracked 
|  75|0x000000008f700000, 0x000000008f700000, 0x000000008f800000|  0%| F|  |TAMS 0x000000008f700000, 0x000000008f700000| Untracked 
|  76|0x000000008f800000, 0x000000008f800000, 0x000000008f900000|  0%| F|  |TAMS 0x000000008f800000, 0x000000008f800000| Untracked 
|  77|0x000000008f900000, 0x000000008f900000, 0x000000008fa00000|  0%| F|  |TAMS 0x000000008f900000, 0x000000008f900000| Untracked 
|  78|0x000000008fa00000, 0x000000008fa00000, 0x000000008fb00000|  0%| F|  |TAMS 0x000000008fa00000, 0x000000008fa00000| Untracked 
|  79|0x000000008fb00000, 0x000000008fb00000, 0x000000008fc00000|  0%| F|  |TAMS 0x000000008fb00000, 0x000000008fb00000| Untracked 
|  80|0x000000008fc00000, 0x000000008fd00000, 0x000000008fd00000|100%| S|CS|TAMS 0x000000008fc00000, 0x000000008fc00000| Complete 
|  81|0x000000008fd00000, 0x000000008fe00000, 0x000000008fe00000|100%| S|CS|TAMS 0x000000008fd00000, 0x000000008fd00000| Complete 
|  82|0x000000008fe00000, 0x000000008ff00000, 0x000000008ff00000|100%| S|CS|TAMS 0x000000008fe00000, 0x000000008fe00000| Complete 
|  83|0x000000008ff00000, 0x0000000090000000, 0x0000000090000000|100%| S|CS|TAMS 0x000000008ff00000, 0x000000008ff00000| Complete 
|  84|0x0000000090000000, 0x0000000090000000, 0x0000000090100000|  0%| F|  |TAMS 0x0000000090000000, 0x0000000090000000| Untracked 
|  85|0x0000000090100000, 0x0000000090100000, 0x0000000090200000|  0%| F|  |TAMS 0x0000000090100000, 0x0000000090100000| Untracked 
|  86|0x0000000090200000, 0x0000000090200000, 0x0000000090300000|  0%| F|  |TAMS 0x0000000090200000, 0x0000000090200000| Untracked 
|  87|0x0000000090300000, 0x0000000090400000, 0x0000000090400000|100%| S|CS|TAMS 0x0000000090300000, 0x0000000090300000| Complete 
|  88|0x0000000090400000, 0x0000000090400000, 0x0000000090500000|  0%| F|  |TAMS 0x0000000090400000, 0x0000000090400000| Untracked 
|  89|0x0000000090500000, 0x0000000090500000, 0x0000000090600000|  0%| F|  |TAMS 0x0000000090500000, 0x0000000090500000| Untracked 
|  90|0x0000000090600000, 0x0000000090600000, 0x0000000090700000|  0%| F|  |TAMS 0x0000000090600000, 0x0000000090600000| Untracked 
|  91|0x0000000090700000, 0x0000000090700000, 0x0000000090800000|  0%| F|  |TAMS 0x0000000090700000, 0x0000000090700000| Untracked 
|  92|0x0000000090800000, 0x0000000090800000, 0x0000000090900000|  0%| F|  |TAMS 0x0000000090800000, 0x0000000090800000| Untracked 
|  93|0x0000000090900000, 0x0000000090900000, 0x0000000090a00000|  0%| F|  |TAMS 0x0000000090900000, 0x0000000090900000| Untracked 
|  94|0x0000000090a00000, 0x0000000090a00000, 0x0000000090b00000|  0%| F|  |TAMS 0x0000000090a00000, 0x0000000090a00000| Untracked 
|  95|0x0000000090b00000, 0x0000000090b00000, 0x0000000090c00000|  0%| F|  |TAMS 0x0000000090b00000, 0x0000000090b00000| Untracked 
|  96|0x0000000090c00000, 0x0000000090c00000, 0x0000000090d00000|  0%| F|  |TAMS 0x0000000090c00000, 0x0000000090c00000| Untracked 
|  97|0x0000000090d00000, 0x0000000090d00000, 0x0000000090e00000|  0%| F|  |TAMS 0x0000000090d00000, 0x0000000090d00000| Untracked 
|  98|0x0000000090e00000, 0x0000000090e00000, 0x0000000090f00000|  0%| F|  |TAMS 0x0000000090e00000, 0x0000000090e00000| Untracked 
|  99|0x0000000090f00000, 0x0000000090f00000, 0x0000000091000000|  0%| F|  |TAMS 0x0000000090f00000, 0x0000000090f00000| Untracked 
| 100|0x0000000091000000, 0x0000000091000000, 0x0000000091100000|  0%| F|  |TAMS 0x0000000091000000, 0x0000000091000000| Untracked 
| 101|0x0000000091100000, 0x0000000091100000, 0x0000000091200000|  0%| F|  |TAMS 0x0000000091100000, 0x0000000091100000| Untracked 
| 102|0x0000000091200000, 0x0000000091200000, 0x0000000091300000|  0%| F|  |TAMS 0x0000000091200000, 0x0000000091200000| Untracked 
| 103|0x0000000091300000, 0x0000000091300000, 0x0000000091400000|  0%| F|  |TAMS 0x0000000091300000, 0x0000000091300000| Untracked 
| 104|0x0000000091400000, 0x0000000091400000, 0x0000000091500000|  0%| F|  |TAMS 0x0000000091400000, 0x0000000091400000| Untracked 
| 105|0x0000000091500000, 0x0000000091500000, 0x0000000091600000|  0%| F|  |TAMS 0x0000000091500000, 0x0000000091500000| Untracked 
| 106|0x0000000091600000, 0x0000000091600000, 0x0000000091700000|  0%| F|  |TAMS 0x0000000091600000, 0x0000000091600000| Untracked 
| 107|0x0000000091700000, 0x0000000091700000, 0x0000000091800000|  0%| F|  |TAMS 0x0000000091700000, 0x0000000091700000| Untracked 
| 108|0x0000000091800000, 0x0000000091800000, 0x0000000091900000|  0%| F|  |TAMS 0x0000000091800000, 0x0000000091800000| Untracked 
| 109|0x0000000091900000, 0x0000000091900000, 0x0000000091a00000|  0%| F|  |TAMS 0x0000000091900000, 0x0000000091900000| Untracked 
| 110|0x0000000091a00000, 0x0000000091a00000, 0x0000000091b00000|  0%| F|  |TAMS 0x0000000091a00000, 0x0000000091a00000| Untracked 
| 111|0x0000000091b00000, 0x0000000091b00000, 0x0000000091c00000|  0%| F|  |TAMS 0x0000000091b00000, 0x0000000091b00000| Untracked 
| 112|0x0000000091c00000, 0x0000000091c00000, 0x0000000091d00000|  0%| F|  |TAMS 0x0000000091c00000, 0x0000000091c00000| Untracked 
| 113|0x0000000091d00000, 0x0000000091d00000, 0x0000000091e00000|  0%| F|  |TAMS 0x0000000091d00000, 0x0000000091d00000| Untracked 
| 114|0x0000000091e00000, 0x0000000091e00000, 0x0000000091f00000|  0%| F|  |TAMS 0x0000000091e00000, 0x0000000091e00000| Untracked 
| 115|0x0000000091f00000, 0x0000000091f00000, 0x0000000092000000|  0%| F|  |TAMS 0x0000000091f00000, 0x0000000091f00000| Untracked 
| 116|0x0000000092000000, 0x0000000092000000, 0x0000000092100000|  0%| F|  |TAMS 0x0000000092000000, 0x0000000092000000| Untracked 
| 117|0x0000000092100000, 0x0000000092100000, 0x0000000092200000|  0%| F|  |TAMS 0x0000000092100000, 0x0000000092100000| Untracked 
| 118|0x0000000092200000, 0x0000000092200000, 0x0000000092300000|  0%| F|  |TAMS 0x0000000092200000, 0x0000000092200000| Untracked 
| 119|0x0000000092300000, 0x0000000092300000, 0x0000000092400000|  0%| F|  |TAMS 0x0000000092300000, 0x0000000092300000| Untracked 
| 120|0x0000000092400000, 0x0000000092400000, 0x0000000092500000|  0%| F|  |TAMS 0x0000000092400000, 0x0000000092400000| Untracked 
| 121|0x0000000092500000, 0x0000000092500000, 0x0000000092600000|  0%| F|  |TAMS 0x0000000092500000, 0x0000000092500000| Untracked 
| 122|0x0000000092600000, 0x0000000092600000, 0x0000000092700000|  0%| F|  |TAMS 0x0000000092600000, 0x0000000092600000| Untracked 
| 123|0x0000000092700000, 0x0000000092700000, 0x0000000092800000|  0%| F|  |TAMS 0x0000000092700000, 0x0000000092700000| Untracked 
| 124|0x0000000092800000, 0x0000000092800000, 0x0000000092900000|  0%| F|  |TAMS 0x0000000092800000, 0x0000000092800000| Untracked 
| 125|0x0000000092900000, 0x0000000092900000, 0x0000000092a00000|  0%| F|  |TAMS 0x0000000092900000, 0x0000000092900000| Untracked 
| 126|0x0000000092a00000, 0x0000000092a00000, 0x0000000092b00000|  0%| F|  |TAMS 0x0000000092a00000, 0x0000000092a00000| Untracked 
| 127|0x0000000092b00000, 0x0000000092b00000, 0x0000000092c00000|  0%| F|  |TAMS 0x0000000092b00000, 0x0000000092b00000| Untracked 
| 128|0x0000000092c00000, 0x0000000092c00000, 0x0000000092d00000|  0%| F|  |TAMS 0x0000000092c00000, 0x0000000092c00000| Untracked 
| 129|0x0000000092d00000, 0x0000000092d00000, 0x0000000092e00000|  0%| F|  |TAMS 0x0000000092d00000, 0x0000000092d00000| Untracked 
| 130|0x0000000092e00000, 0x0000000092e00000, 0x0000000092f00000|  0%| F|  |TAMS 0x0000000092e00000, 0x0000000092e00000| Untracked 
| 131|0x0000000092f00000, 0x0000000092f00000, 0x0000000093000000|  0%| F|  |TAMS 0x0000000092f00000, 0x0000000092f00000| Untracked 
| 132|0x0000000093000000, 0x0000000093000000, 0x0000000093100000|  0%| F|  |TAMS 0x0000000093000000, 0x0000000093000000| Untracked 
| 133|0x0000000093100000, 0x0000000093100000, 0x0000000093200000|  0%| F|  |TAMS 0x0000000093100000, 0x0000000093100000| Untracked 
| 134|0x0000000093200000, 0x0000000093200000, 0x0000000093300000|  0%| F|  |TAMS 0x0000000093200000, 0x0000000093200000| Untracked 
| 135|0x0000000093300000, 0x0000000093300000, 0x0000000093400000|  0%| F|  |TAMS 0x0000000093300000, 0x0000000093300000| Untracked 
| 136|0x0000000093400000, 0x0000000093400000, 0x0000000093500000|  0%| F|  |TAMS 0x0000000093400000, 0x0000000093400000| Untracked 
| 137|0x0000000093500000, 0x0000000093500000, 0x0000000093600000|  0%| F|  |TAMS 0x0000000093500000, 0x0000000093500000| Untracked 
| 138|0x0000000093600000, 0x0000000093600000, 0x0000000093700000|  0%| F|  |TAMS 0x0000000093600000, 0x0000000093600000| Untracked 
| 139|0x0000000093700000, 0x0000000093700000, 0x0000000093800000|  0%| F|  |TAMS 0x0000000093700000, 0x0000000093700000| Untracked 
| 140|0x0000000093800000, 0x0000000093800000, 0x0000000093900000|  0%| F|  |TAMS 0x0000000093800000, 0x0000000093800000| Untracked 
| 141|0x0000000093900000, 0x0000000093900000, 0x0000000093a00000|  0%| F|  |TAMS 0x0000000093900000, 0x0000000093900000| Untracked 
| 142|0x0000000093a00000, 0x0000000093a00000, 0x0000000093b00000|  0%| F|  |TAMS 0x0000000093a00000, 0x0000000093a00000| Untracked 
| 143|0x0000000093b00000, 0x0000000093b00000, 0x0000000093c00000|  0%| F|  |TAMS 0x0000000093b00000, 0x0000000093b00000| Untracked 
| 144|0x0000000093c00000, 0x0000000093c00000, 0x0000000093d00000|  0%| F|  |TAMS 0x0000000093c00000, 0x0000000093c00000| Untracked 
| 145|0x0000000093d00000, 0x0000000093d00000, 0x0000000093e00000|  0%| F|  |TAMS 0x0000000093d00000, 0x0000000093d00000| Untracked 
| 146|0x0000000093e00000, 0x0000000093e00000, 0x0000000093f00000|  0%| F|  |TAMS 0x0000000093e00000, 0x0000000093e00000| Untracked 
| 147|0x0000000093f00000, 0x0000000093f00000, 0x0000000094000000|  0%| F|  |TAMS 0x0000000093f00000, 0x0000000093f00000| Untracked 
| 148|0x0000000094000000, 0x0000000094000000, 0x0000000094100000|  0%| F|  |TAMS 0x0000000094000000, 0x0000000094000000| Untracked 
| 149|0x0000000094100000, 0x0000000094100000, 0x0000000094200000|  0%| F|  |TAMS 0x0000000094100000, 0x0000000094100000| Untracked 
| 150|0x0000000094200000, 0x0000000094200000, 0x0000000094300000|  0%| F|  |TAMS 0x0000000094200000, 0x0000000094200000| Untracked 
| 151|0x0000000094300000, 0x0000000094300000, 0x0000000094400000|  0%| F|  |TAMS 0x0000000094300000, 0x0000000094300000| Untracked 
| 152|0x0000000094400000, 0x0000000094400000, 0x0000000094500000|  0%| F|  |TAMS 0x0000000094400000, 0x0000000094400000| Untracked 
| 153|0x0000000094500000, 0x0000000094500000, 0x0000000094600000|  0%| F|  |TAMS 0x0000000094500000, 0x0000000094500000| Untracked 
| 154|0x0000000094600000, 0x0000000094600000, 0x0000000094700000|  0%| F|  |TAMS 0x0000000094600000, 0x0000000094600000| Untracked 
| 155|0x0000000094700000, 0x0000000094700000, 0x0000000094800000|  0%| F|  |TAMS 0x0000000094700000, 0x0000000094700000| Untracked 
| 156|0x0000000094800000, 0x0000000094800000, 0x0000000094900000|  0%| F|  |TAMS 0x0000000094800000, 0x0000000094800000| Untracked 
| 157|0x0000000094900000, 0x0000000094900000, 0x0000000094a00000|  0%| F|  |TAMS 0x0000000094900000, 0x0000000094900000| Untracked 
| 158|0x0000000094a00000, 0x0000000094a00000, 0x0000000094b00000|  0%| F|  |TAMS 0x0000000094a00000, 0x0000000094a00000| Untracked 
| 159|0x0000000094b00000, 0x0000000094b00000, 0x0000000094c00000|  0%| F|  |TAMS 0x0000000094b00000, 0x0000000094b00000| Untracked 
| 160|0x0000000094c00000, 0x0000000094c00000, 0x0000000094d00000|  0%| F|  |TAMS 0x0000000094c00000, 0x0000000094c00000| Untracked 
| 161|0x0000000094d00000, 0x0000000094d00000, 0x0000000094e00000|  0%| F|  |TAMS 0x0000000094d00000, 0x0000000094d00000| Untracked 
| 162|0x0000000094e00000, 0x0000000094e00000, 0x0000000094f00000|  0%| F|  |TAMS 0x0000000094e00000, 0x0000000094e00000| Untracked 
| 163|0x0000000094f00000, 0x0000000094f00000, 0x0000000095000000|  0%| F|  |TAMS 0x0000000094f00000, 0x0000000094f00000| Untracked 
| 164|0x0000000095000000, 0x0000000095000000, 0x0000000095100000|  0%| F|  |TAMS 0x0000000095000000, 0x0000000095000000| Untracked 
| 165|0x0000000095100000, 0x0000000095100000, 0x0000000095200000|  0%| F|  |TAMS 0x0000000095100000, 0x0000000095100000| Untracked 
| 166|0x0000000095200000, 0x0000000095200000, 0x0000000095300000|  0%| F|  |TAMS 0x0000000095200000, 0x0000000095200000| Untracked 
| 167|0x0000000095300000, 0x0000000095300000, 0x0000000095400000|  0%| F|  |TAMS 0x0000000095300000, 0x0000000095300000| Untracked 
| 168|0x0000000095400000, 0x0000000095400000, 0x0000000095500000|  0%| F|  |TAMS 0x0000000095400000, 0x0000000095400000| Untracked 
| 169|0x0000000095500000, 0x0000000095500000, 0x0000000095600000|  0%| F|  |TAMS 0x0000000095500000, 0x0000000095500000| Untracked 
| 170|0x0000000095600000, 0x0000000095600000, 0x0000000095700000|  0%| F|  |TAMS 0x0000000095600000, 0x0000000095600000| Untracked 
| 171|0x0000000095700000, 0x0000000095700000, 0x0000000095800000|  0%| F|  |TAMS 0x0000000095700000, 0x0000000095700000| Untracked 
| 172|0x0000000095800000, 0x0000000095800000, 0x0000000095900000|  0%| F|  |TAMS 0x0000000095800000, 0x0000000095800000| Untracked 
| 173|0x0000000095900000, 0x0000000095900000, 0x0000000095a00000|  0%| F|  |TAMS 0x0000000095900000, 0x0000000095900000| Untracked 
| 174|0x0000000095a00000, 0x0000000095a00000, 0x0000000095b00000|  0%| F|  |TAMS 0x0000000095a00000, 0x0000000095a00000| Untracked 
| 175|0x0000000095b00000, 0x0000000095b00000, 0x0000000095c00000|  0%| F|  |TAMS 0x0000000095b00000, 0x0000000095b00000| Untracked 
| 176|0x0000000095c00000, 0x0000000095c00000, 0x0000000095d00000|  0%| F|  |TAMS 0x0000000095c00000, 0x0000000095c00000| Untracked 
| 177|0x0000000095d00000, 0x0000000095d00000, 0x0000000095e00000|  0%| F|  |TAMS 0x0000000095d00000, 0x0000000095d00000| Untracked 
| 178|0x0000000095e00000, 0x0000000095e00000, 0x0000000095f00000|  0%| F|  |TAMS 0x0000000095e00000, 0x0000000095e00000| Untracked 
| 179|0x0000000095f00000, 0x0000000095f00000, 0x0000000096000000|  0%| F|  |TAMS 0x0000000095f00000, 0x0000000095f00000| Untracked 
|1873|0x00000000ffd00000, 0x00000000ffe00000, 0x00000000ffe00000|100%| O|  |TAMS 0x00000000ffe00000, 0x00000000ffd00000| Untracked 
|1874|0x00000000ffe00000, 0x00000000fff00000, 0x00000000fff00000|100%| O|  |TAMS 0x00000000fff00000, 0x00000000ffe00000| Untracked 
|1875|0x00000000fff00000, 0x0000000100000000, 0x0000000100000000|100%| O|  |TAMS 0x0000000100000000, 0x00000000fff00000| Untracked 

Card table byte_map: [0x00000203ec900000,0x00000203eccb0000] _byte_map_base: 0x00000203ec4aa000

Marking Bits (Prev, Next): (CMBitMap*) 0x00000203d34dcef0, (CMBitMap*) 0x00000203d34dcf30
 Prev Bits: [0x00000203ed060000, 0x00000203eedb0000)
 Next Bits: [0x00000203eedb0000, 0x00000203f0b00000)

Polling page: 0x00000203d3550000

Metaspace:

Usage:
  Non-class:     33.20 MB used.
      Class:      4.15 MB used.
       Both:     37.35 MB used.

Virtual space:
  Non-class space:       64.00 MB reserved,      33.38 MB ( 52%) committed,  1 nodes.
      Class space:        1.00 GB reserved,       4.31 MB ( <1%) committed,  1 nodes.
             Both:        1.06 GB reserved,      37.69 MB (  3%) committed. 

Chunk freelists:
   Non-Class:  14.02 MB
       Class:  11.69 MB
        Both:  25.70 MB

MaxMetaspaceSize: unlimited
CompressedClassSpaceSize: 1.00 GB
Initial GC threshold: 21.00 MB
Current GC threshold: 59.00 MB
CDS: on
MetaspaceReclaimPolicy: balanced
 - commit_granule_bytes: 65536.
 - commit_granule_words: 8192.
 - virtual_space_node_default_size: 8388608.
 - enlarge_chunks_in_place: 1.
 - new_chunks_are_fully_committed: 0.
 - uncommit_free_chunks: 1.
 - use_allocation_guard: 0.
 - handle_deallocations: 1.


Internal statistics:

num_allocs_failed_limit: 6.
num_arena_births: 472.
num_arena_deaths: 0.
num_vsnodes_births: 2.
num_vsnodes_deaths: 0.
num_space_committed: 602.
num_space_uncommitted: 0.
num_chunks_returned_to_freelist: 6.
num_chunks_taken_from_freelist: 1948.
num_chunk_merges: 6.
num_chunk_splits: 1281.
num_chunks_enlarged: 887.
num_inconsistent_stats: 0.

CodeHeap 'non-profiled nmethods': size=119168Kb used=5410Kb max_used=5410Kb free=113757Kb
 bounds [0x00000203e4230000, 0x00000203e4780000, 0x00000203eb690000]
CodeHeap 'profiled nmethods': size=119104Kb used=23230Kb max_used=23230Kb free=95873Kb
 bounds [0x00000203dc690000, 0x00000203ddd40000, 0x00000203e3ae0000]
CodeHeap 'non-nmethods': size=7488Kb used=3001Kb max_used=3002Kb free=4486Kb
 bounds [0x00000203e3ae0000, 0x00000203e3df0000, 0x00000203e4230000]
 total_blobs=10660 nmethods=10093 adapters=474
 compilation: enabled
              stopped_count=0, restarted_count=0
 full_count=0

Compilation events (20 events):
Event: 34.145 Thread 0x00000203f80f9c10 12021       2       com.sun.tools.javac.comp.Flow$AssignAnalyzer::uninit (51 bytes)
Event: 34.145 Thread 0x00000203f80f9c10 nmethod 12021 0x00000203ddd3a690 code [0x00000203ddd3a860, 0x00000203ddd3aa78]
Event: 34.149 Thread 0x00000203f80f9c10 12022       2       com.sun.tools.javac.jvm.Gen::genCond (64 bytes)
Event: 34.149 Thread 0x00000203f3b48bb0 12023       2       com.sun.tools.javac.jvm.Gen::visitVarDef (127 bytes)
Event: 34.149 Thread 0x00000203f8627310 12024       2       com.sun.tools.javac.jvm.Items$CondItem::jumpFalse (101 bytes)
Event: 34.150 Thread 0x00000203f80f9c10 nmethod 12022 0x00000203ddd3ac10 code [0x00000203ddd3ae00, 0x00000203ddd3b188]
Event: 34.151 Thread 0x00000203f8627310 nmethod 12024 0x00000203ddd3b390 code [0x00000203ddd3b5a0, 0x00000203ddd3ba28]
Event: 34.151 Thread 0x00000203f3b48bb0 nmethod 12023 0x00000203ddd3bd10 code [0x00000203ddd3bfa0, 0x00000203ddd3c6c8]
Event: 34.155 Thread 0x00000203f80f9c10 12025       1       com.sun.tools.javac.jvm.ClassWriter$StackMapTableFrame$FullFrame::getFrameType (4 bytes)
Event: 34.156 Thread 0x00000203f80f9c10 nmethod 12025 0x00000203e4778610 code [0x00000203e47787a0, 0x00000203e4778878]
Event: 34.156 Thread 0x00000203f3b48bb0 12026       2       com.sun.tools.javac.code.Type$StructuralTypeMapping::visitArrayType (43 bytes)
Event: 34.156 Thread 0x00000203f8627310 12027 %     3       lombok.bytecode.ClassFileMetaData::<init> @ 58 (283 bytes)
Event: 34.157 Thread 0x00000203f3b48bb0 nmethod 12026 0x00000203ddd3cc10 code [0x00000203ddd3cde0, 0x00000203ddd3d298]
Event: 34.158 Thread 0x00000203f3b48bb0 12028       2       com.sun.tools.javac.util.List::collector (28 bytes)
Event: 34.158 Thread 0x00000203f8627310 nmethod 12027% 0x00000203ddd3d490 code [0x00000203ddd3d740, 0x00000203ddd3e958]
Event: 34.158 Thread 0x00000203f80c6cf0 12029       2       com.sun.tools.javac.util.List$$Lambda$529/0x000002038141c000::get (8 bytes)
Event: 34.158 Thread 0x00000203f8627310 12030       2       com.sun.tools.javac.util.List$$Lambda$532/0x000002038141c680::apply (8 bytes)
Event: 34.159 Thread 0x00000203f80c6cf0 nmethod 12029 0x00000203ddd3ef90 code [0x00000203ddd3f120, 0x00000203ddd3f2d8]
Event: 34.159 Thread 0x00000203f8627310 nmethod 12030 0x00000203ddd3f390 code [0x00000203ddd3f520, 0x00000203ddd3f678]
Event: 34.159 Thread 0x00000203f3b48bb0 nmethod 12028 0x00000203ddd3f790 code [0x00000203ddd3f940, 0x00000203ddd3fb08]

GC Heap History (20 events):
Event: 18.609 GC heap after
{Heap after GC invocations=12 (full 0):
 garbage-first heap   total 129024K, used 43353K [0x000000008ac00000, 0x0000000100000000)
  region size 1024K, 5 young (5120K), 5 survivors (5120K)
 Metaspace       used 29251K, committed 29568K, reserved 1114112K
  class space    used 3245K, committed 3392K, reserved 1048576K
}
Event: 20.484 GC heap before
{Heap before GC invocations=12 (full 0):
 garbage-first heap   total 129024K, used 94553K [0x000000008ac00000, 0x0000000100000000)
  region size 1024K, 55 young (56320K), 5 survivors (5120K)
 Metaspace       used 29408K, committed 29696K, reserved 1114112K
  class space    used 3268K, committed 3392K, reserved 1048576K
}
Event: 20.515 GC heap after
{Heap after GC invocations=13 (full 0):
 garbage-first heap   total 155648K, used 45923K [0x000000008ac00000, 0x0000000100000000)
  region size 1024K, 6 young (6144K), 6 survivors (6144K)
 Metaspace       used 29408K, committed 29696K, reserved 1114112K
  class space    used 3268K, committed 3392K, reserved 1048576K
}
Event: 22.235 GC heap before
{Heap before GC invocations=13 (full 0):
 garbage-first heap   total 155648K, used 115555K [0x000000008ac00000, 0x0000000100000000)
  region size 1024K, 73 young (74752K), 6 survivors (6144K)
 Metaspace       used 29473K, committed 29824K, reserved 1114112K
  class space    used 3271K, committed 3456K, reserved 1048576K
}
Event: 22.263 GC heap after
{Heap after GC invocations=14 (full 0):
 garbage-first heap   total 155648K, used 49653K [0x000000008ac00000, 0x0000000100000000)
  region size 1024K, 6 young (6144K), 6 survivors (6144K)
 Metaspace       used 29473K, committed 29824K, reserved 1114112K
  class space    used 3271K, committed 3456K, reserved 1048576K
}
Event: 23.381 GC heap before
{Heap before GC invocations=14 (full 0):
 garbage-first heap   total 155648K, used 120309K [0x000000008ac00000, 0x0000000100000000)
  region size 1024K, 73 young (74752K), 6 survivors (6144K)
 Metaspace       used 30765K, committed 31104K, reserved 1114112K
  class space    used 3425K, committed 3584K, reserved 1048576K
}
Event: 23.409 GC heap after
{Heap after GC invocations=15 (full 0):
 garbage-first heap   total 155648K, used 52398K [0x000000008ac00000, 0x0000000100000000)
  region size 1024K, 5 young (5120K), 5 survivors (5120K)
 Metaspace       used 30765K, committed 31104K, reserved 1114112K
  class space    used 3425K, committed 3584K, reserved 1048576K
}
Event: 27.223 GC heap before
{Heap before GC invocations=15 (full 0):
 garbage-first heap   total 155648K, used 121006K [0x000000008ac00000, 0x0000000100000000)
  region size 1024K, 72 young (73728K), 5 survivors (5120K)
 Metaspace       used 35631K, committed 36096K, reserved 1114112K
  class space    used 4008K, committed 4224K, reserved 1048576K
}
Event: 27.251 GC heap after
{Heap after GC invocations=16 (full 0):
 garbage-first heap   total 155648K, used 56554K [0x000000008ac00000, 0x0000000100000000)
  region size 1024K, 6 young (6144K), 6 survivors (6144K)
 Metaspace       used 35631K, committed 36096K, reserved 1114112K
  class space    used 4008K, committed 4224K, reserved 1048576K
}
Event: 27.541 GC heap before
{Heap before GC invocations=16 (full 0):
 garbage-first heap   total 155648K, used 67818K [0x000000008ac00000, 0x0000000100000000)
  region size 1024K, 18 young (18432K), 6 survivors (6144K)
 Metaspace       used 35755K, committed 36160K, reserved 1114112K
  class space    used 4008K, committed 4224K, reserved 1048576K
}
Event: 27.555 GC heap after
{Heap after GC invocations=17 (full 0):
 garbage-first heap   total 155648K, used 57266K [0x000000008ac00000, 0x0000000100000000)
  region size 1024K, 5 young (5120K), 5 survivors (5120K)
 Metaspace       used 35755K, committed 36160K, reserved 1114112K
  class space    used 4008K, committed 4224K, reserved 1048576K
}
Event: 29.308 GC heap before
{Heap before GC invocations=18 (full 0):
 garbage-first heap   total 155648K, used 124850K [0x000000008ac00000, 0x0000000100000000)
  region size 1024K, 71 young (72704K), 5 survivors (5120K)
 Metaspace       used 36066K, committed 36480K, reserved 1114112K
  class space    used 4027K, committed 4224K, reserved 1048576K
}
Event: 29.337 GC heap after
{Heap after GC invocations=19 (full 0):
 garbage-first heap   total 187392K, used 61290K [0x000000008ac00000, 0x0000000100000000)
  region size 1024K, 9 young (9216K), 9 survivors (9216K)
 Metaspace       used 36066K, committed 36480K, reserved 1114112K
  class space    used 4027K, committed 4224K, reserved 1048576K
}
Event: 30.330 GC heap before
{Heap before GC invocations=19 (full 0):
 garbage-first heap   total 187392K, used 149354K [0x000000008ac00000, 0x0000000100000000)
  region size 1024K, 95 young (97280K), 9 survivors (9216K)
 Metaspace       used 36129K, committed 36544K, reserved 1114112K
  class space    used 4027K, committed 4224K, reserved 1048576K
}
Event: 30.365 GC heap after
{Heap after GC invocations=20 (full 0):
 garbage-first heap   total 187392K, used 61020K [0x000000008ac00000, 0x0000000100000000)
  region size 1024K, 5 young (5120K), 5 survivors (5120K)
 Metaspace       used 36129K, committed 36544K, reserved 1114112K
  class space    used 4027K, committed 4224K, reserved 1048576K
}
Event: 30.971 GC heap before
{Heap before GC invocations=20 (full 0):
 garbage-first heap   total 187392K, used 154204K [0x000000008ac00000, 0x0000000100000000)
  region size 1024K, 96 young (98304K), 5 survivors (5120K)
 Metaspace       used 36160K, committed 36544K, reserved 1114112K
  class space    used 4027K, committed 4224K, reserved 1048576K
}
Event: 30.984 GC heap after
{Heap after GC invocations=21 (full 0):
 garbage-first heap   total 187392K, used 60665K [0x000000008ac00000, 0x0000000100000000)
  region size 1024K, 4 young (4096K), 4 survivors (4096K)
 Metaspace       used 36160K, committed 36544K, reserved 1114112K
  class space    used 4027K, committed 4224K, reserved 1048576K
}
Event: 31.524 GC heap before
{Heap before GC invocations=21 (full 0):
 garbage-first heap   total 187392K, used 155897K [0x000000008ac00000, 0x0000000100000000)
  region size 1024K, 97 young (99328K), 4 survivors (4096K)
 Metaspace       used 36176K, committed 36544K, reserved 1114112K
  class space    used 4027K, committed 4224K, reserved 1048576K
}
Event: 31.540 GC heap after
{Heap after GC invocations=22 (full 0):
 garbage-first heap   total 187392K, used 61248K [0x000000008ac00000, 0x0000000100000000)
  region size 1024K, 5 young (5120K), 5 survivors (5120K)
 Metaspace       used 36176K, committed 36544K, reserved 1114112K
  class space    used 4027K, committed 4224K, reserved 1048576K
}
Event: 34.166 GC heap before
{Heap before GC invocations=22 (full 0):
 garbage-first heap   total 187392K, used 155456K [0x000000008ac00000, 0x0000000100000000)
  region size 1024K, 97 young (99328K), 5 survivors (5120K)
 Metaspace       used 38243K, committed 38592K, reserved 1114112K
  class space    used 4246K, committed 4416K, reserved 1048576K
}

Deoptimization events (20 events):
Event: 33.409 Thread 0x00000203d3483f00 Uncommon trap: trap_request=0xffffffde fr.pc=0x00000203e474f964 relative=0x0000000000000764
Event: 33.409 Thread 0x00000203d3483f00 Uncommon trap: reason=class_check action=maybe_recompile pc=0x00000203e474f964 method=com.sun.tools.javac.comp.Attr$TypeAnnotationsValidator.validateAnnotatedType(Lcom/sun/tools/javac/tree/JCTree;Lcom/sun/tools/javac/code/Type;)V @ 33 c2
Event: 33.409 Thread 0x00000203d3483f00 DEOPT PACKING pc=0x00000203e474f964 sp=0x000000162d7fc840
Event: 33.409 Thread 0x00000203d3483f00 DEOPT UNPACKING pc=0x00000203e3b323a3 sp=0x000000162d7fc818 mode 2
Event: 33.409 Thread 0x00000203d3483f00 Uncommon trap: trap_request=0xffffffde fr.pc=0x00000203e474f964 relative=0x0000000000000764
Event: 33.409 Thread 0x00000203d3483f00 Uncommon trap: reason=class_check action=maybe_recompile pc=0x00000203e474f964 method=com.sun.tools.javac.comp.Attr$TypeAnnotationsValidator.validateAnnotatedType(Lcom/sun/tools/javac/tree/JCTree;Lcom/sun/tools/javac/code/Type;)V @ 33 c2
Event: 33.409 Thread 0x00000203d3483f00 DEOPT PACKING pc=0x00000203e474f964 sp=0x000000162d7fc840
Event: 33.409 Thread 0x00000203d3483f00 DEOPT UNPACKING pc=0x00000203e3b323a3 sp=0x000000162d7fc818 mode 2
Event: 33.491 Thread 0x00000203d3483f00 Uncommon trap: trap_request=0xffffff66 fr.pc=0x00000203e474fda0 relative=0x0000000000000ba0
Event: 33.492 Thread 0x00000203d3483f00 Uncommon trap: reason=speculate_class_check action=maybe_recompile pc=0x00000203e474fda0 method=com.sun.tools.javac.tree.JCTree.hasTag(Lcom/sun/tools/javac/tree/JCTree$Tag;)Z @ 2 c2
Event: 33.492 Thread 0x00000203d3483f00 DEOPT PACKING pc=0x00000203e474fda0 sp=0x000000162d7fc6c0
Event: 33.492 Thread 0x00000203d3483f00 DEOPT UNPACKING pc=0x00000203e3b323a3 sp=0x000000162d7fc610 mode 2
Event: 33.492 Thread 0x00000203d3483f00 Uncommon trap: trap_request=0xffffffde fr.pc=0x00000203e474f964 relative=0x0000000000000764
Event: 33.492 Thread 0x00000203d3483f00 Uncommon trap: reason=class_check action=maybe_recompile pc=0x00000203e474f964 method=com.sun.tools.javac.comp.Attr$TypeAnnotationsValidator.validateAnnotatedType(Lcom/sun/tools/javac/tree/JCTree;Lcom/sun/tools/javac/code/Type;)V @ 33 c2
Event: 33.492 Thread 0x00000203d3483f00 DEOPT PACKING pc=0x00000203e474f964 sp=0x000000162d7fc840
Event: 33.492 Thread 0x00000203d3483f00 DEOPT UNPACKING pc=0x00000203e3b323a3 sp=0x000000162d7fc818 mode 2
Event: 33.493 Thread 0x00000203d3483f00 Uncommon trap: trap_request=0xffffff45 fr.pc=0x00000203e4645104 relative=0x00000000000008c4
Event: 33.493 Thread 0x00000203d3483f00 Uncommon trap: reason=unstable_if action=reinterpret pc=0x00000203e4645104 method=com.sun.tools.javac.code.Types$15.visitClassType(Lcom/sun/tools/javac/code/Type$ClassType;Ljava/lang/Void;)Lcom/sun/tools/javac/code/Type; @ 43 c2
Event: 33.494 Thread 0x00000203d3483f00 DEOPT PACKING pc=0x00000203e4645104 sp=0x000000162d7fc4f0
Event: 33.494 Thread 0x00000203d3483f00 DEOPT UNPACKING pc=0x00000203e3b323a3 sp=0x000000162d7fc440 mode 2

Classes unloaded (0 events):
No events

Classes redefined (0 events):
No events

Internal exceptions (20 events):
Event: 34.024 Thread 0x00000203d3483f00 Exception <a 'sun/nio/fs/WindowsException'{0x00000000906271a8}> (0x00000000906271a8) 
thrown [s\open\src\hotspot\share\prims\jni.cpp, line 516]
Event: 34.037 Thread 0x00000203d3483f00 Exception <a 'sun/nio/fs/WindowsException'{0x00000000906cad08}> (0x00000000906cad08) 
thrown [s\open\src\hotspot\share\prims\jni.cpp, line 516]
Event: 34.037 Thread 0x00000203d3483f00 Exception <a 'sun/nio/fs/WindowsException'{0x00000000906cb3c0}> (0x00000000906cb3c0) 
thrown [s\open\src\hotspot\share\prims\jni.cpp, line 516]
Event: 34.038 Thread 0x00000203d3483f00 Exception <a 'sun/nio/fs/WindowsException'{0x00000000906cbc40}> (0x00000000906cbc40) 
thrown [s\open\src\hotspot\share\prims\jni.cpp, line 516]
Event: 34.052 Thread 0x00000203d3483f00 Exception <a 'sun/nio/fs/WindowsException'{0x00000000906e4f18}> (0x00000000906e4f18) 
thrown [s\open\src\hotspot\share\prims\jni.cpp, line 516]
Event: 34.053 Thread 0x00000203d3483f00 Exception <a 'sun/nio/fs/WindowsException'{0x00000000906e55c0}> (0x00000000906e55c0) 
thrown [s\open\src\hotspot\share\prims\jni.cpp, line 516]
Event: 34.053 Thread 0x00000203d3483f00 Exception <a 'sun/nio/fs/WindowsException'{0x00000000906e5de8}> (0x00000000906e5de8) 
thrown [s\open\src\hotspot\share\prims\jni.cpp, line 516]
Event: 34.108 Thread 0x00000203d3483f00 Exception <a 'sun/nio/fs/WindowsException'{0x00000000905f06c0}> (0x00000000905f06c0) 
thrown [s\open\src\hotspot\share\prims\jni.cpp, line 516]
Event: 34.108 Thread 0x00000203d3483f00 Exception <a 'sun/nio/fs/WindowsException'{0x00000000905f0d58}> (0x00000000905f0d58) 
thrown [s\open\src\hotspot\share\prims\jni.cpp, line 516]
Event: 34.109 Thread 0x00000203d3483f00 Exception <a 'sun/nio/fs/WindowsException'{0x00000000905f1528}> (0x00000000905f1528) 
thrown [s\open\src\hotspot\share\prims\jni.cpp, line 516]
Event: 34.119 Thread 0x00000203d3483f00 Exception <a 'sun/nio/fs/WindowsException'{0x000000009040f968}> (0x000000009040f968) 
thrown [s\open\src\hotspot\share\prims\jni.cpp, line 516]
Event: 34.119 Thread 0x00000203d3483f00 Exception <a 'sun/nio/fs/WindowsException'{0x0000000090410000}> (0x0000000090410000) 
thrown [s\open\src\hotspot\share\prims\jni.cpp, line 516]
Event: 34.120 Thread 0x00000203d3483f00 Exception <a 'sun/nio/fs/WindowsException'{0x00000000904107d0}> (0x00000000904107d0) 
thrown [s\open\src\hotspot\share\prims\jni.cpp, line 516]
Event: 34.151 Thread 0x00000203d3483f00 Exception <a 'sun/nio/fs/WindowsException'{0x000000009049da48}> (0x000000009049da48) 
thrown [s\open\src\hotspot\share\prims\jni.cpp, line 516]
Event: 34.152 Thread 0x00000203d3483f00 Exception <a 'sun/nio/fs/WindowsException'{0x000000009049e0d0}> (0x000000009049e0d0) 
thrown [s\open\src\hotspot\share\prims\jni.cpp, line 516]
Event: 34.152 Thread 0x00000203d3483f00 Exception <a 'sun/nio/fs/WindowsException'{0x000000009049e848}> (0x000000009049e848) 
thrown [s\open\src\hotspot\share\prims\jni.cpp, line 516]
Event: 34.162 Thread 0x00000203d3483f00 Exception <a 'sun/nio/fs/WindowsException'{0x00000000904b7a30}> (0x00000000904b7a30) 
thrown [s\open\src\hotspot\share\prims\jni.cpp, line 516]
Event: 34.163 Thread 0x00000203d3483f00 Exception <a 'sun/nio/fs/WindowsException'{0x00000000904b7cf8}> (0x00000000904b7cf8) 
thrown [s\open\src\hotspot\share\prims\jni.cpp, line 516]
Event: 34.165 Thread 0x00000203d3483f00 Exception <a 'sun/nio/fs/WindowsException'{0x00000000904cfc88}> (0x00000000904cfc88) 
thrown [s\open\src\hotspot\share\prims\jni.cpp, line 516]
Event: 34.165 Thread 0x00000203d3483f00 Exception <a 'sun/nio/fs/WindowsException'{0x00000000904cfef8}> (0x00000000904cfef8) 
thrown [s\open\src\hotspot\share\prims\jni.cpp, line 516]

VM Operations (20 events):
Event: 32.326 Executing VM operation: HandshakeAllThreads done
Event: 32.341 Executing VM operation: ICBufferFull
Event: 32.342 Executing VM operation: ICBufferFull done
Event: 32.409 Executing VM operation: HandshakeAllThreads
Event: 32.409 Executing VM operation: HandshakeAllThreads done
Event: 32.436 Executing VM operation: ICBufferFull
Event: 32.436 Executing VM operation: ICBufferFull done
Event: 32.569 Executing VM operation: ICBufferFull
Event: 32.570 Executing VM operation: ICBufferFull done
Event: 32.786 Executing VM operation: ICBufferFull
Event: 32.786 Executing VM operation: ICBufferFull done
Event: 32.959 Executing VM operation: ICBufferFull
Event: 32.959 Executing VM operation: ICBufferFull done
Event: 33.322 Executing VM operation: ICBufferFull
Event: 33.323 Executing VM operation: ICBufferFull done
Event: 33.477 Executing VM operation: HandshakeAllThreads
Event: 33.477 Executing VM operation: HandshakeAllThreads done
Event: 33.867 Executing VM operation: ICBufferFull
Event: 33.867 Executing VM operation: ICBufferFull done
Event: 34.166 Executing VM operation: G1CollectForAllocation

Events (20 events):
Event: 32.422 loading class java/util/stream/ReduceOps$2 done
Event: 32.422 loading class java/util/stream/ReduceOps$2ReducingSink
Event: 32.422 Thread 0x00000203f3b55de0 flushing nmethod 0x00000203dcbd3b90
Event: 32.423 loading class java/util/stream/ReduceOps$2ReducingSink done
Event: 32.427 Thread 0x00000203f3b55de0 flushing nmethod 0x00000203dcf65210
Event: 32.442 Thread 0x00000203f3b55de0 flushing nmethod 0x00000203dd733590
Event: 32.443 Thread 0x00000203f3b55de0 flushing nmethod 0x00000203dd7a7590
Event: 32.446 Thread 0x00000203f3b55de0 flushing nmethod 0x00000203dd8caa10
Event: 32.937 loading class java/util/stream/ReferencePipeline$4
Event: 32.937 loading class java/util/stream/ReferencePipeline$4 done
Event: 32.938 loading class java/util/stream/Nodes$IntFixedNodeBuilder
Event: 32.939 loading class java/util/stream/Node$Builder$OfInt
Event: 32.939 loading class java/util/stream/Node$Builder$OfInt done
Event: 32.939 loading class java/util/stream/Nodes$IntArrayNode
Event: 32.939 loading class java/util/stream/Nodes$IntArrayNode done
Event: 32.939 loading class java/util/stream/Nodes$IntFixedNodeBuilder done
Event: 32.939 loading class java/util/stream/ReferencePipeline$4$1
Event: 32.940 loading class java/util/stream/ReferencePipeline$4$1 done
Event: 33.420 loading class java/io/DataOutputStream
Event: 33.420 loading class java/io/DataOutputStream done


Dynamic libraries:
0x00007ff65fc70000 - 0x00007ff65fc80000 	C:\Program Files\Java\jdk-17\bin\java.exe
0x00007ffd0df20000 - 0x00007ffd0e187000 	C:\Windows\SYSTEM32\ntdll.dll
0x00007ffd0cf20000 - 0x00007ffd0cfe9000 	C:\Windows\System32\KERNEL32.DLL
0x00007ffd0b4a0000 - 0x00007ffd0b88f000 	C:\Windows\System32\KERNELBASE.dll
0x00007ffd0b130000 - 0x00007ffd0b27b000 	C:\Windows\System32\ucrtbase.dll
0x00007ffd05f30000 - 0x00007ffd05f49000 	C:\Program Files\Java\jdk-17\bin\jli.dll
0x00007ffcf4ac0000 - 0x00007ffcf4adb000 	C:\Program Files\Java\jdk-17\bin\VCRUNTIME140.dll
0x00007ffd0dd90000 - 0x00007ffd0de44000 	C:\Windows\System32\ADVAPI32.dll
0x00007ffd0bcc0000 - 0x00007ffd0bd69000 	C:\Windows\System32\msvcrt.dll
0x00007ffd0d980000 - 0x00007ffd0da26000 	C:\Windows\System32\sechost.dll
0x00007ffd0dc70000 - 0x00007ffd0dd88000 	C:\Windows\System32\RPCRT4.dll
0x00007ffd0bd70000 - 0x00007ffd0bf35000 	C:\Windows\System32\USER32.dll
0x00007ffd0b070000 - 0x00007ffd0b097000 	C:\Windows\System32\win32u.dll
0x00007ffd0c300000 - 0x00007ffd0c32b000 	C:\Windows\System32\GDI32.dll
0x00007ffd0b8a0000 - 0x00007ffd0b9cc000 	C:\Windows\System32\gdi32full.dll
0x00007ffcefff0000 - 0x00007ffcf0283000 	C:\Windows\WinSxS\amd64_microsoft.windows.common-controls_6595b64144ccf1df_6.0.26100.7309_none_3e05feeae336a044\COMCTL32.dll
0x00007ffd0b9d0000 - 0x00007ffd0ba73000 	C:\Windows\System32\msvcp_win.dll
0x00007ffd03a20000 - 0x00007ffd03a2b000 	C:\Windows\SYSTEM32\VERSION.dll
0x00007ffd0dc30000 - 0x00007ffd0dc61000 	C:\Windows\System32\IMM32.DLL
0x00007ffd06020000 - 0x00007ffd0602c000 	C:\Program Files\Java\jdk-17\bin\vcruntime140_1.dll
0x00007ffcab680000 - 0x00007ffcab70e000 	C:\Program Files\Java\jdk-17\bin\msvcp140.dll
0x00007ffc4f4c0000 - 0x00007ffc500a0000 	C:\Program Files\Java\jdk-17\bin\server\jvm.dll
0x00007ffd0c2f0000 - 0x00007ffd0c2f8000 	C:\Windows\System32\PSAPI.DLL
0x00007ffcebec0000 - 0x00007ffcebeca000 	C:\Windows\SYSTEM32\WSOCK32.dll
0x00007ffd023f0000 - 0x00007ffd02425000 	C:\Windows\SYSTEM32\WINMM.dll
0x00007ffd0cbc0000 - 0x00007ffd0cc34000 	C:\Windows\System32\WS2_32.dll
0x00007ffd09e20000 - 0x00007ffd09e3b000 	C:\Windows\SYSTEM32\kernel.appcore.dll
0x00007ffcf56d0000 - 0x00007ffcf56da000 	C:\Program Files\Java\jdk-17\bin\jimage.dll
0x00007ffd087f0000 - 0x00007ffd08a32000 	C:\Windows\SYSTEM32\DBGHELP.DLL
0x00007ffd0c830000 - 0x00007ffd0cbb5000 	C:\Windows\System32\combase.dll
0x00007ffd0cc70000 - 0x00007ffd0cd46000 	C:\Windows\System32\OLEAUT32.dll
0x00007ffcef770000 - 0x00007ffcef7ac000 	C:\Windows\SYSTEM32\dbgcore.DLL
0x00007ffd0b3f0000 - 0x00007ffd0b495000 	C:\Windows\System32\bcryptPrimitives.dll
0x00007ffcaccc0000 - 0x00007ffcacce5000 	C:\Program Files\Java\jdk-17\bin\java.dll
0x00007ffcab5a0000 - 0x00007ffcab677000 	C:\Program Files\Java\jdk-17\bin\jsvml.dll
0x00007ffd0d010000 - 0x00007ffd0d763000 	C:\Windows\System32\SHELL32.dll
0x00007ffd0b280000 - 0x00007ffd0b3ea000 	C:\Windows\System32\wintypes.dll
0x00007ffd08c70000 - 0x00007ffd094ce000 	C:\Windows\SYSTEM32\windows.storage.dll
0x00007ffd0c1a0000 - 0x00007ffd0c295000 	C:\Windows\System32\SHCORE.dll
0x00007ffd0d770000 - 0x00007ffd0d7d6000 	C:\Windows\System32\shlwapi.dll
0x00007ffd0af90000 - 0x00007ffd0afb9000 	C:\Windows\SYSTEM32\profapi.dll
0x00007ffcf4a80000 - 0x00007ffcf4a99000 	C:\Program Files\Java\jdk-17\bin\net.dll
0x00007ffd03640000 - 0x00007ffd03768000 	C:\Windows\SYSTEM32\WINHTTP.dll
0x00007ffd0a390000 - 0x00007ffd0a3fb000 	C:\Windows\system32\mswsock.dll
0x00007ffcd1e10000 - 0x00007ffcd1e26000 	C:\Program Files\Java\jdk-17\bin\nio.dll
0x00007ffcd1ce0000 - 0x00007ffcd1cf8000 	C:\Program Files\Java\jdk-17\bin\zip.dll
0x00007ffcab570000 - 0x00007ffcab594000 	E:\Mvn\apache-maven-3.9.11\lib\jansi-native\Windows\x86_64\jansi.dll
0x00007ffcf4720000 - 0x00007ffcf4730000 	C:\Program Files\Java\jdk-17\bin\verify.dll

dbghelp: loaded successfully - version: 4.0.5 - missing functions: none
symbol engine: initialized successfully - sym options: 0x614 - pdb path: .;C:\Program Files\Java\jdk-17\bin;C:\Windows\SYSTEM32;C:\Windows\WinSxS\amd64_microsoft.windows.common-controls_6595b64144ccf1df_6.0.26100.7309_none_3e05feeae336a044;C:\Program Files\Java\jdk-17\bin\server;E:\Mvn\apache-maven-3.9.11\lib\jansi-native\Windows\x86_64

VM Arguments:
jvm_args: --enable-native-access=ALL-UNNAMED -Dclassworlds.conf=E:\Mvn\apache-maven-3.9.11\bin\m2.conf -Dmaven.home=E:\Mvn\apache-maven-3.9.11 -Dlibrary.jansi.path=E:\Mvn\apache-maven-3.9.11\lib\jansi-native -Dmaven.multiModuleProjectDirectory=E:\Unolo\attendance-backend 
java_command: org.codehaus.plexus.classworlds.launcher.Launcher spring-boot:run
java_class_path (initial): E:\Mvn\apache-maven-3.9.11\boot\plexus-classworlds-2.9.0.jar
Launcher Type: SUN_STANDARD

[Global flags]
     intx CICompilerCount                          = 12                                        {product} {ergonomic}
     uint ConcGCThreads                            = 3                                         {product} {ergonomic}
     uint G1ConcRefinementThreads                  = 13                                        {product} {ergonomic}
   size_t G1HeapRegionSize                         = 1048576                                   {product} {ergonomic}
    uintx GCDrainStackTargetSize                   = 64                                        {product} {ergonomic}
   size_t InitialHeapSize                          = 123731968                                 {product} {ergonomic}
   size_t MarkStackSize                            = 4194304                                   {product} {ergonomic}
   size_t MaxHeapSize                              = 1967128576                                {product} {ergonomic}
   size_t MaxNewSize                               = 1179648000                                {product} {ergonomic}
   size_t MinHeapDeltaBytes                        = 1048576                                   {product} {ergonomic}
   size_t MinHeapSize                              = 8388608                                   {product} {ergonomic}
    uintx NonNMethodCodeHeapSize                   = 7602480                                {pd product} {ergonomic}
    uintx NonProfiledCodeHeapSize                  = 122027880                              {pd product} {ergonomic}
    uintx ProfiledCodeHeapSize                     = 122027880                              {pd product} {ergonomic}
    uintx ReservedCodeCacheSize                    = 251658240                              {pd product} {ergonomic}
     bool SegmentedCodeCache                       = true                                      {product} {ergonomic}
   size_t SoftMaxHeapSize                          = 1967128576                             {manageable} {ergonomic}
     bool UseCompressedClassPointers               = true                           {product lp64_product} {ergonomic}
     bool UseCompressedOops                        = true                           {product lp64_product} {ergonomic}
     bool UseG1GC                                  = true                                      {product} {ergonomic}
     bool UseLargePagesIndividualAllocation        = false                                  {pd product} {ergonomic}

Logging:
Log output configuration:
 #0: stdout all=warning uptime,level,tags
 #1: stderr all=off uptime,level,tags

Environment Variables:
PATH=C:\Python314\Scripts\;C:\Python314\;C:\Python313\Scripts\;C:\Python313\;C:\Program Files\Common Files\Oracle\Java\javapath;C:\Windows\system32;C:\Windows;C:\Windows\System32\Wbem;C:\Windows\System32\WindowsPowerShell\v1.0\;C:\Windows\System32\OpenSSH\;E:\Vs Code\Microsoft VS Code\bin;C:\ProgramData\chocolatey\bin;E:\Github\Git\cmd;C:\Program Files\nodejs\;C:\Program Files\MySQL\MySQL Shell 8.0\bin\;C:\Users\arbaj\AppData\Local\Microsoft\WindowsApps;E:\Windsurf\Windsurf\bin;E:\Cursor\cursor\resources\app\bin;E:\Ngrok;E:\Ngrok;E:\Ngrok;C:\Program Files\PostgreSQL\17\bin;C:\Users\arbaj\AppData\Local\Android\Sdk;C:\Users\arbaj\AppData\Local\Android\Sdk\platform-tools;C:\Users\arbaj\AppData\Local\Android\Sdk\emulator;C:\Users\arbaj\AppData\Local\Android\Sdk\tools;C:\Users\arbaj\AppData\Local\Android\Sdk\tools\bin;C:\Android\cmdline-tools\latest\bin;C:\Android\platform-tools;C:\Android\emulator;E:\Mvn\apache-maven-3.9.11\bin;C:\Users\arbaj\AppData\Local\Programs\Qoder\bin;E:\Flutter\flutter\bin;E:\Flutter\flutter\;C:\Users\arbaj\Downloads\mysql-5.7.44-winx64\mysql-5.7.44-winx64\bin;C:\Users\arbaj\AppData\Roaming\npm;C:\Users\arbaj\AppData\Local\Programs\Kiro\bin;c:\Users\arbaj\.windsurf\extensions\vscjava.vscode-java-debug-0.58.4-universal\bundled\scripts\noConfigScripts
USERNAME=arbaj
LANG=en_US.UTF-8
OS=Windows_NT
PROCESSOR_IDENTIFIER=AMD64 Family 23 Model 104 Stepping 1, AuthenticAMD



---------------  S Y S T E M  ---------------

OS:
 Windows 11 , 64 bit Build 26100 (10.0.26100.7309)
OS uptime: 1 days 5:34 hours
Hyper-V role detected

CPU: total 16 (initial active 16) (16 cores per cpu, 2 threads per core) family 23 model 104 stepping 1 microcode 0x8608104, cx8, cmov, fxsr, ht, mmx, 3dnowpref, sse, sse2, sse3, ssse3, sse4a, sse4.1, sse4.2, popcnt, lzcnt, tsc, tscinvbit, avx, avx2, aes, clmul, bmi1, bmi2, adx, sha, fma, vzeroupper, clflush, clflushopt, hv

Memory: 4k page, system-wide physical 7501M (76M free)
TotalPageFile size 30029M (AvailPageFile size 25M)
current process WorkingSet (physical memory assigned to process): 267M, peak: 282M
current process commit charge ("private bytes"): 407M, peak: 444M

vm_info: Java HotSpot(TM) 64-Bit Server VM (17.0.12+8-LTS-286) for windows-amd64 JRE (17.0.12+8-LTS-286), built on Jun  5 2024 06:46:59 by "mach5one" with MS VC++ 17.6 (VS2022)

END.
